ERROR - 2023-01-18 21:17:36 --> Error connecting to the database: mysqli_sql_exception: Unknown database 'stickets6' in /run/media/usrx/DEV/projects/itst/stickets6/system/Database/MySQLi/Connection.php:174
Stack trace:
#0 /run/media/usrx/DEV/projects/itst/stickets6/system/Database/MySQLi/Connection.php(174): mysqli->real_connect()
#1 /run/media/usrx/DEV/projects/itst/stickets6/system/Database/BaseConnection.php(391): CodeIgniter\Database\MySQLi\Connection->connect()
#2 /run/media/usrx/DEV/projects/itst/stickets6/system/Database/BaseConnection.php(573): CodeIgniter\Database\BaseConnection->initialize()
#3 /run/media/usrx/DEV/projects/itst/stickets6/system/Database/BaseConnection.php(1408): CodeIgniter\Database\BaseConnection->query()
#4 /run/media/usrx/DEV/projects/itst/stickets6/system/Database/BaseConnection.php(1427): CodeIgniter\Database\BaseConnection->listTables()
#5 /run/media/usrx/DEV/projects/itst/stickets6/system/Database/MigrationRunner.php(768): CodeIgniter\Database\BaseConnection->tableExists()
#6 /run/media/usrx/DEV/projects/itst/stickets6/system/Database/MigrationRunner.php(168): CodeIgniter\Database\MigrationRunner->ensureTable()
#7 /run/media/usrx/DEV/projects/itst/stickets6/system/Commands/Database/Migrate.php(84): CodeIgniter\Database\MigrationRunner->latest()
#8 /run/media/usrx/DEV/projects/itst/stickets6/system/CLI/Commands.php(65): CodeIgniter\Commands\Database\Migrate->run()
#9 /run/media/usrx/DEV/projects/itst/stickets6/system/CLI/Console.php(37): CodeIgniter\CLI\Commands->run()
#10 /run/media/usrx/DEV/projects/itst/stickets6/spark(97): CodeIgniter\CLI\Console->run()
#11 {main}

Next CodeIgniter\Database\Exceptions\DatabaseException: Unknown database 'stickets6' in /run/media/usrx/DEV/projects/itst/stickets6/system/Database/MySQLi/Connection.php:218
Stack trace:
#0 /run/media/usrx/DEV/projects/itst/stickets6/system/Database/BaseConnection.php(391): CodeIgniter\Database\MySQLi\Connection->connect()
#1 /run/media/usrx/DEV/projects/itst/stickets6/system/Database/BaseConnection.php(573): CodeIgniter\Database\BaseConnection->initialize()
#2 /run/media/usrx/DEV/projects/itst/stickets6/system/Database/BaseConnection.php(1408): CodeIgniter\Database\BaseConnection->query()
#3 /run/media/usrx/DEV/projects/itst/stickets6/system/Database/BaseConnection.php(1427): CodeIgniter\Database\BaseConnection->listTables()
#4 /run/media/usrx/DEV/projects/itst/stickets6/system/Database/MigrationRunner.php(768): CodeIgniter\Database\BaseConnection->tableExists()
#5 /run/media/usrx/DEV/projects/itst/stickets6/system/Database/MigrationRunner.php(168): CodeIgniter\Database\MigrationRunner->ensureTable()
#6 /run/media/usrx/DEV/projects/itst/stickets6/system/Commands/Database/Migrate.php(84): CodeIgniter\Database\MigrationRunner->latest()
#7 /run/media/usrx/DEV/projects/itst/stickets6/system/CLI/Commands.php(65): CodeIgniter\Commands\Database\Migrate->run()
#8 /run/media/usrx/DEV/projects/itst/stickets6/system/CLI/Console.php(37): CodeIgniter\CLI\Commands->run()
#9 /run/media/usrx/DEV/projects/itst/stickets6/spark(97): CodeIgniter\CLI\Console->run()
#10 {main}
