INFO - 2023-08-04 14:26:45 --> Session: Class initialized using 'CodeIgniter\Session\Handlers\FileHandler' driver.
INFO - 2023-08-04 14:26:52 --> Session: Class initialized using 'CodeIgniter\Session\Handlers\FileHandler' driver.
ERROR - 2023-08-04 14:26:57 --> Error connecting to the database: mysqli_sql_exception: No se puede establecer una conexión ya que el equipo de destino denegó expresamente dicha conexión in E:\proyecto de tickets\tickets\system\Database\MySQLi\Connection.php:173
Stack trace:
#0 E:\proyecto de tickets\tickets\system\Database\MySQLi\Connection.php(173): mysqli->real_connect('localhost', 'root', Object(SensitiveParameterValue), 'tickets', 3306, '', 0)
#1 E:\proyecto de tickets\tickets\system\Database\BaseConnection.php(391): CodeIgniter\Database\MySQLi\Connection->connect(false)
#2 E:\proyecto de tickets\tickets\system\Database\BaseConnection.php(573): CodeIgniter\Database\BaseConnection->initialize()
#3 E:\proyecto de tickets\tickets\system\Database\BaseBuilder.php(1602): CodeIgniter\Database\BaseConnection->query('SELECT *\nFROM `...', Array, false)
#4 E:\proyecto de tickets\tickets\system\Model.php(267): CodeIgniter\Database\BaseBuilder->get()
#5 E:\proyecto de tickets\tickets\system\BaseModel.php(656): CodeIgniter\Model->doFirst()
#6 E:\proyecto de tickets\tickets\app\Validation\Userrules.php(12): CodeIgniter\BaseModel->first()
#7 E:\proyecto de tickets\tickets\system\Validation\Validation.php(312): App\Validation\Userrules->validateUser('12345678', 'email,password', Array, NULL, 'password')
#8 E:\proyecto de tickets\tickets\system\Validation\Validation.php(170): CodeIgniter\Validation\Validation->processRules('password', 'password', '12345678', Array, Array)
#9 E:\proyecto de tickets\tickets\system\Controller.php(140): CodeIgniter\Validation\Validation->run()
#10 E:\proyecto de tickets\tickets\app\Controllers\UserController.php(27): CodeIgniter\Controller->validate(Array, Array)
#11 E:\proyecto de tickets\tickets\system\CodeIgniter.php(934): App\Controllers\UserController->login()
#12 E:\proyecto de tickets\tickets\system\CodeIgniter.php(499): CodeIgniter\CodeIgniter->runController(Object(App\Controllers\UserController))
#13 E:\proyecto de tickets\tickets\system\CodeIgniter.php(368): CodeIgniter\CodeIgniter->handleRequest(NULL, Object(Config\Cache), false)
#14 E:\proyecto de tickets\tickets\public\index.php(67): CodeIgniter\CodeIgniter->run()
#15 E:\proyecto de tickets\tickets\system\Commands\Server\rewrite.php(47): require_once('E:\\proyecto de ...')
#16 {main}

Next CodeIgniter\Database\Exceptions\DatabaseException: No se puede establecer una conexión ya que el equipo de destino denegó expresamente dicha conexión in E:\proyecto de tickets\tickets\system\Database\MySQLi\Connection.php:218
Stack trace:
#0 E:\proyecto de tickets\tickets\system\Database\BaseConnection.php(391): CodeIgniter\Database\MySQLi\Connection->connect(false)
#1 E:\proyecto de tickets\tickets\system\Database\BaseConnection.php(573): CodeIgniter\Database\BaseConnection->initialize()
#2 E:\proyecto de tickets\tickets\system\Database\BaseBuilder.php(1602): CodeIgniter\Database\BaseConnection->query('SELECT *\nFROM `...', Array, false)
#3 E:\proyecto de tickets\tickets\system\Model.php(267): CodeIgniter\Database\BaseBuilder->get()
#4 E:\proyecto de tickets\tickets\system\BaseModel.php(656): CodeIgniter\Model->doFirst()
#5 E:\proyecto de tickets\tickets\app\Validation\Userrules.php(12): CodeIgniter\BaseModel->first()
#6 E:\proyecto de tickets\tickets\system\Validation\Validation.php(312): App\Validation\Userrules->validateUser('12345678', 'email,password', Array, NULL, 'password')
#7 E:\proyecto de tickets\tickets\system\Validation\Validation.php(170): CodeIgniter\Validation\Validation->processRules('password', 'password', '12345678', Array, Array)
#8 E:\proyecto de tickets\tickets\system\Controller.php(140): CodeIgniter\Validation\Validation->run()
#9 E:\proyecto de tickets\tickets\app\Controllers\UserController.php(27): CodeIgniter\Controller->validate(Array, Array)
#10 E:\proyecto de tickets\tickets\system\CodeIgniter.php(934): App\Controllers\UserController->login()
#11 E:\proyecto de tickets\tickets\system\CodeIgniter.php(499): CodeIgniter\CodeIgniter->runController(Object(App\Controllers\UserController))
#12 E:\proyecto de tickets\tickets\system\CodeIgniter.php(368): CodeIgniter\CodeIgniter->handleRequest(NULL, Object(Config\Cache), false)
#13 E:\proyecto de tickets\tickets\public\index.php(67): CodeIgniter\CodeIgniter->run()
#14 E:\proyecto de tickets\tickets\system\Commands\Server\rewrite.php(47): require_once('E:\\proyecto de ...')
#15 {main}
CRITICAL - 2023-08-04 14:26:57 --> Unable to connect to the database.
Main connection [MySQLi]: No se puede establecer una conexión ya que el equipo de destino denegó expresamente dicha conexión
in SYSTEMPATH\Database\BaseConnection.php on line 427.
 1 SYSTEMPATH\Database\BaseConnection.php(573): CodeIgniter\Database\BaseConnection->initialize()
 2 SYSTEMPATH\Database\BaseBuilder.php(1602): CodeIgniter\Database\BaseConnection->query('SELECT *
FROM `users`
WHERE `email` = :email:
 LIMIT 1', [...], false)
 3 SYSTEMPATH\Model.php(267): CodeIgniter\Database\BaseBuilder->get()
 4 SYSTEMPATH\BaseModel.php(656): CodeIgniter\Model->doFirst()
 5 APPPATH\Validation\Userrules.php(12): CodeIgniter\BaseModel->first()
 6 SYSTEMPATH\Validation\Validation.php(312): App\Validation\Userrules->validateUser('12345678', 'email,password', [...], null, 'password')
 7 SYSTEMPATH\Validation\Validation.php(170): CodeIgniter\Validation\Validation->processRules('password', 'password', '12345678', [...], [...])
 8 SYSTEMPATH\Controller.php(140): CodeIgniter\Validation\Validation->run()
 9 APPPATH\Controllers\UserController.php(27): CodeIgniter\Controller->validate([...], [...])
10 SYSTEMPATH\CodeIgniter.php(934): App\Controllers\UserController->login()
11 SYSTEMPATH\CodeIgniter.php(499): CodeIgniter\CodeIgniter->runController(Object(App\Controllers\UserController))
12 SYSTEMPATH\CodeIgniter.php(368): CodeIgniter\CodeIgniter->handleRequest(null, Object(Config\Cache), false)
13 FCPATH\index.php(67): CodeIgniter\CodeIgniter->run()
14 SYSTEMPATH\Commands\Server\rewrite.php(47): require_once('FCPATH\\index.php')
INFO - 2023-08-04 15:01:52 --> Session: Class initialized using 'CodeIgniter\Session\Handlers\FileHandler' driver.
INFO - 2023-08-04 15:01:56 --> Session: Class initialized using 'CodeIgniter\Session\Handlers\FileHandler' driver.
ERROR - 2023-08-04 15:01:56 --> mysqli_sql_exception: Table 'tickets.users' doesn't exist in E:\proyecto de tickets\tickets\system\Database\MySQLi\Connection.php:295
Stack trace:
#0 E:\proyecto de tickets\tickets\system\Database\MySQLi\Connection.php(295): mysqli->query('SELECT *\nFROM `...', 0)
#1 E:\proyecto de tickets\tickets\system\Database\BaseConnection.php(691): CodeIgniter\Database\MySQLi\Connection->execute('SELECT *\nFROM `...')
#2 E:\proyecto de tickets\tickets\system\Database\BaseConnection.php(605): CodeIgniter\Database\BaseConnection->simpleQuery('SELECT *\nFROM `...')
#3 E:\proyecto de tickets\tickets\system\Database\BaseBuilder.php(1602): CodeIgniter\Database\BaseConnection->query('SELECT *\nFROM `...', Array, false)
#4 E:\proyecto de tickets\tickets\system\Model.php(267): CodeIgniter\Database\BaseBuilder->get()
#5 E:\proyecto de tickets\tickets\system\BaseModel.php(656): CodeIgniter\Model->doFirst()
#6 E:\proyecto de tickets\tickets\app\Validation\Userrules.php(12): CodeIgniter\BaseModel->first()
#7 E:\proyecto de tickets\tickets\system\Validation\Validation.php(312): App\Validation\Userrules->validateUser('12345678', 'email,password', Array, NULL, 'password')
#8 E:\proyecto de tickets\tickets\system\Validation\Validation.php(170): CodeIgniter\Validation\Validation->processRules('password', 'password', '12345678', Array, Array)
#9 E:\proyecto de tickets\tickets\system\Controller.php(140): CodeIgniter\Validation\Validation->run()
#10 E:\proyecto de tickets\tickets\app\Controllers\UserController.php(27): CodeIgniter\Controller->validate(Array, Array)
#11 E:\proyecto de tickets\tickets\system\CodeIgniter.php(934): App\Controllers\UserController->login()
#12 E:\proyecto de tickets\tickets\system\CodeIgniter.php(499): CodeIgniter\CodeIgniter->runController(Object(App\Controllers\UserController))
#13 E:\proyecto de tickets\tickets\system\CodeIgniter.php(368): CodeIgniter\CodeIgniter->handleRequest(NULL, Object(Config\Cache), false)
#14 E:\proyecto de tickets\tickets\public\index.php(67): CodeIgniter\CodeIgniter->run()
#15 E:\proyecto de tickets\tickets\system\Commands\Server\rewrite.php(47): require_once('E:\\proyecto de ...')
#16 {main}
CRITICAL - 2023-08-04 15:01:56 --> Table 'tickets.users' doesn't exist
in SYSTEMPATH\Database\BaseConnection.php on line 645.
 1 SYSTEMPATH\Database\BaseBuilder.php(1602): CodeIgniter\Database\BaseConnection->query('SELECT *
FROM `users`
WHERE `email` = :email:
 LIMIT 1', [...], false)
 2 SYSTEMPATH\Model.php(267): CodeIgniter\Database\BaseBuilder->get()
 3 SYSTEMPATH\BaseModel.php(656): CodeIgniter\Model->doFirst()
 4 APPPATH\Validation\Userrules.php(12): CodeIgniter\BaseModel->first()
 5 SYSTEMPATH\Validation\Validation.php(312): App\Validation\Userrules->validateUser('12345678', 'email,password', [...], null, 'password')
 6 SYSTEMPATH\Validation\Validation.php(170): CodeIgniter\Validation\Validation->processRules('password', 'password', '12345678', [...], [...])
 7 SYSTEMPATH\Controller.php(140): CodeIgniter\Validation\Validation->run()
 8 APPPATH\Controllers\UserController.php(27): CodeIgniter\Controller->validate([...], [...])
 9 SYSTEMPATH\CodeIgniter.php(934): App\Controllers\UserController->login()
10 SYSTEMPATH\CodeIgniter.php(499): CodeIgniter\CodeIgniter->runController(Object(App\Controllers\UserController))
11 SYSTEMPATH\CodeIgniter.php(368): CodeIgniter\CodeIgniter->handleRequest(null, Object(Config\Cache), false)
12 FCPATH\index.php(67): CodeIgniter\CodeIgniter->run()
13 SYSTEMPATH\Commands\Server\rewrite.php(47): require_once('FCPATH\\index.php')
ERROR - 2023-08-04 15:02:50 --> mysqli_sql_exception: Cannot add or update a child row: a foreign key constraint fails (`tickets`.`users`, CONSTRAINT `users_area_foreign` FOREIGN KEY (`area`) REFERENCES `areas` (`id`) ON DELETE CASCADE ON UPDATE CASCADE) in E:\proyecto de tickets\tickets\system\Database\MySQLi\Connection.php:295
Stack trace:
#0 E:\proyecto de tickets\tickets\system\Database\MySQLi\Connection.php(295): mysqli->query('INSERT INTO `us...', 0)
#1 E:\proyecto de tickets\tickets\system\Database\BaseConnection.php(691): CodeIgniter\Database\MySQLi\Connection->execute('INSERT INTO `us...')
#2 E:\proyecto de tickets\tickets\system\Database\BaseConnection.php(605): CodeIgniter\Database\BaseConnection->simpleQuery('INSERT INTO `us...')
#3 E:\proyecto de tickets\tickets\system\Database\BaseBuilder.php(1787): CodeIgniter\Database\BaseConnection->query('INSERT INTO `us...', NULL, false)
#4 E:\proyecto de tickets\tickets\system\Database\BaseBuilder.php(2178): CodeIgniter\Database\BaseBuilder->batchExecute('_insertBatch', 100)
#5 E:\proyecto de tickets\tickets\system\Model.php(363): CodeIgniter\Database\BaseBuilder->insertBatch(Array, NULL, 100)
#6 E:\proyecto de tickets\tickets\system\BaseModel.php(874): CodeIgniter\Model->doInsertBatch(Array, NULL, 100, false)
#7 E:\proyecto de tickets\tickets\app\Database\Seeds\User.php(14): CodeIgniter\BaseModel->insertBatch(Array)
#8 E:\proyecto de tickets\tickets\system\Database\Seeder.php(146): App\Database\Seeds\User->run()
#9 E:\proyecto de tickets\tickets\system\Commands\Database\Seed.php(77): CodeIgniter\Database\Seeder->call('App\\Database\\Se...')
#10 E:\proyecto de tickets\tickets\system\CLI\Commands.php(65): CodeIgniter\Commands\Database\Seed->run(Array)
#11 E:\proyecto de tickets\tickets\system\CLI\Console.php(37): CodeIgniter\CLI\Commands->run('db:seed', Array)
#12 E:\proyecto de tickets\tickets\spark(97): CodeIgniter\CLI\Console->run()
#13 {main}
