INFO - 2023-06-15 14:08:31 --> Session: Class initialized using 'CodeIgniter\Session\Handlers\FileHandler' driver.
INFO - 2023-06-15 14:08:41 --> Session: Class initialized using 'CodeIgniter\Session\Handlers\FileHandler' driver.
INFO - 2023-06-15 14:08:41 --> Session: Class initialized using 'CodeIgniter\Session\Handlers\FileHandler' driver.
INFO - 2023-06-15 14:08:51 --> Session: Class initialized using 'CodeIgniter\Session\Handlers\FileHandler' driver.
WARNING - 2023-06-15 14:08:51 --> [DEPRECATED] Creation of dynamic property App\Controllers\Admin\TicketController::$db is deprecated in APPPATH\Controllers\Admin\TicketController.php on line 28.
 1 SYSTEMPATH\CodeIgniter.php(906): App\Controllers\Admin\TicketController->__construct()
 2 SYSTEMPATH\CodeIgniter.php(490): CodeIgniter\CodeIgniter->createController()
 3 SYSTEMPATH\CodeIgniter.php(368): CodeIgniter\CodeIgniter->handleRequest(null, Object(Config\Cache), false)
 4 FCPATH\index.php(67): CodeIgniter\CodeIgniter->run()
 5 SYSTEMPATH\Commands\Server\rewrite.php(47): require_once('FCPATH\\index.php')
WARNING - 2023-06-15 14:08:51 --> [DEPRECATED] Creation of dynamic property App\Controllers\Admin\TicketController::$areas is deprecated in APPPATH\Controllers\Admin\TicketController.php on line 31.
 1 SYSTEMPATH\CodeIgniter.php(906): App\Controllers\Admin\TicketController->__construct()
 2 SYSTEMPATH\CodeIgniter.php(490): CodeIgniter\CodeIgniter->createController()
 3 SYSTEMPATH\CodeIgniter.php(368): CodeIgniter\CodeIgniter->handleRequest(null, Object(Config\Cache), false)
 4 FCPATH\index.php(67): CodeIgniter\CodeIgniter->run()
 5 SYSTEMPATH\Commands\Server\rewrite.php(47): require_once('FCPATH\\index.php')
WARNING - 2023-06-15 14:08:51 --> [DEPRECATED] Creation of dynamic property App\Controllers\Admin\TicketController::$session is deprecated in APPPATH\Controllers\Admin\TicketController.php on line 32.
 1 SYSTEMPATH\CodeIgniter.php(906): App\Controllers\Admin\TicketController->__construct()
 2 SYSTEMPATH\CodeIgniter.php(490): CodeIgniter\CodeIgniter->createController()
 3 SYSTEMPATH\CodeIgniter.php(368): CodeIgniter\CodeIgniter->handleRequest(null, Object(Config\Cache), false)
 4 FCPATH\index.php(67): CodeIgniter\CodeIgniter->run()
 5 SYSTEMPATH\Commands\Server\rewrite.php(47): require_once('FCPATH\\index.php')
INFO - 2023-06-15 14:08:58 --> Session: Class initialized using 'CodeIgniter\Session\Handlers\FileHandler' driver.
WARNING - 2023-06-15 14:08:58 --> [DEPRECATED] Creation of dynamic property App\Controllers\Admin\TicketController::$db is deprecated in APPPATH\Controllers\Admin\TicketController.php on line 28.
 1 SYSTEMPATH\CodeIgniter.php(906): App\Controllers\Admin\TicketController->__construct()
 2 SYSTEMPATH\CodeIgniter.php(490): CodeIgniter\CodeIgniter->createController()
 3 SYSTEMPATH\CodeIgniter.php(368): CodeIgniter\CodeIgniter->handleRequest(null, Object(Config\Cache), false)
 4 FCPATH\index.php(67): CodeIgniter\CodeIgniter->run()
 5 SYSTEMPATH\Commands\Server\rewrite.php(47): require_once('FCPATH\\index.php')
WARNING - 2023-06-15 14:08:58 --> [DEPRECATED] Creation of dynamic property App\Controllers\Admin\TicketController::$areas is deprecated in APPPATH\Controllers\Admin\TicketController.php on line 31.
 1 SYSTEMPATH\CodeIgniter.php(906): App\Controllers\Admin\TicketController->__construct()
 2 SYSTEMPATH\CodeIgniter.php(490): CodeIgniter\CodeIgniter->createController()
 3 SYSTEMPATH\CodeIgniter.php(368): CodeIgniter\CodeIgniter->handleRequest(null, Object(Config\Cache), false)
 4 FCPATH\index.php(67): CodeIgniter\CodeIgniter->run()
 5 SYSTEMPATH\Commands\Server\rewrite.php(47): require_once('FCPATH\\index.php')
WARNING - 2023-06-15 14:08:58 --> [DEPRECATED] Creation of dynamic property App\Controllers\Admin\TicketController::$session is deprecated in APPPATH\Controllers\Admin\TicketController.php on line 32.
 1 SYSTEMPATH\CodeIgniter.php(906): App\Controllers\Admin\TicketController->__construct()
 2 SYSTEMPATH\CodeIgniter.php(490): CodeIgniter\CodeIgniter->createController()
 3 SYSTEMPATH\CodeIgniter.php(368): CodeIgniter\CodeIgniter->handleRequest(null, Object(Config\Cache), false)
 4 FCPATH\index.php(67): CodeIgniter\CodeIgniter->run()
 5 SYSTEMPATH\Commands\Server\rewrite.php(47): require_once('FCPATH\\index.php')
INFO - 2023-06-15 14:09:01 --> Session: Class initialized using 'CodeIgniter\Session\Handlers\FileHandler' driver.
WARNING - 2023-06-15 14:09:01 --> [DEPRECATED] Creation of dynamic property App\Controllers\Admin\TicketController::$db is deprecated in APPPATH\Controllers\Admin\TicketController.php on line 28.
 1 SYSTEMPATH\CodeIgniter.php(906): App\Controllers\Admin\TicketController->__construct()
 2 SYSTEMPATH\CodeIgniter.php(490): CodeIgniter\CodeIgniter->createController()
 3 SYSTEMPATH\CodeIgniter.php(368): CodeIgniter\CodeIgniter->handleRequest(null, Object(Config\Cache), false)
 4 FCPATH\index.php(67): CodeIgniter\CodeIgniter->run()
 5 SYSTEMPATH\Commands\Server\rewrite.php(47): require_once('FCPATH\\index.php')
WARNING - 2023-06-15 14:09:01 --> [DEPRECATED] Creation of dynamic property App\Controllers\Admin\TicketController::$areas is deprecated in APPPATH\Controllers\Admin\TicketController.php on line 31.
 1 SYSTEMPATH\CodeIgniter.php(906): App\Controllers\Admin\TicketController->__construct()
 2 SYSTEMPATH\CodeIgniter.php(490): CodeIgniter\CodeIgniter->createController()
 3 SYSTEMPATH\CodeIgniter.php(368): CodeIgniter\CodeIgniter->handleRequest(null, Object(Config\Cache), false)
 4 FCPATH\index.php(67): CodeIgniter\CodeIgniter->run()
 5 SYSTEMPATH\Commands\Server\rewrite.php(47): require_once('FCPATH\\index.php')
WARNING - 2023-06-15 14:09:01 --> [DEPRECATED] Creation of dynamic property App\Controllers\Admin\TicketController::$session is deprecated in APPPATH\Controllers\Admin\TicketController.php on line 32.
 1 SYSTEMPATH\CodeIgniter.php(906): App\Controllers\Admin\TicketController->__construct()
 2 SYSTEMPATH\CodeIgniter.php(490): CodeIgniter\CodeIgniter->createController()
 3 SYSTEMPATH\CodeIgniter.php(368): CodeIgniter\CodeIgniter->handleRequest(null, Object(Config\Cache), false)
 4 FCPATH\index.php(67): CodeIgniter\CodeIgniter->run()
 5 SYSTEMPATH\Commands\Server\rewrite.php(47): require_once('FCPATH\\index.php')
INFO - 2023-06-15 14:35:47 --> Session: Class initialized using 'CodeIgniter\Session\Handlers\FileHandler' driver.
WARNING - 2023-06-15 14:35:47 --> [DEPRECATED] Creation of dynamic property App\Controllers\Admin\TicketController::$db is deprecated in APPPATH\Controllers\Admin\TicketController.php on line 28.
 1 SYSTEMPATH\CodeIgniter.php(906): App\Controllers\Admin\TicketController->__construct()
 2 SYSTEMPATH\CodeIgniter.php(490): CodeIgniter\CodeIgniter->createController()
 3 SYSTEMPATH\CodeIgniter.php(368): CodeIgniter\CodeIgniter->handleRequest(null, Object(Config\Cache), false)
 4 FCPATH\index.php(67): CodeIgniter\CodeIgniter->run()
 5 SYSTEMPATH\Commands\Server\rewrite.php(47): require_once('FCPATH\\index.php')
WARNING - 2023-06-15 14:35:47 --> [DEPRECATED] Creation of dynamic property App\Controllers\Admin\TicketController::$areas is deprecated in APPPATH\Controllers\Admin\TicketController.php on line 31.
 1 SYSTEMPATH\CodeIgniter.php(906): App\Controllers\Admin\TicketController->__construct()
 2 SYSTEMPATH\CodeIgniter.php(490): CodeIgniter\CodeIgniter->createController()
 3 SYSTEMPATH\CodeIgniter.php(368): CodeIgniter\CodeIgniter->handleRequest(null, Object(Config\Cache), false)
 4 FCPATH\index.php(67): CodeIgniter\CodeIgniter->run()
 5 SYSTEMPATH\Commands\Server\rewrite.php(47): require_once('FCPATH\\index.php')
WARNING - 2023-06-15 14:35:47 --> [DEPRECATED] Creation of dynamic property App\Controllers\Admin\TicketController::$session is deprecated in APPPATH\Controllers\Admin\TicketController.php on line 32.
 1 SYSTEMPATH\CodeIgniter.php(906): App\Controllers\Admin\TicketController->__construct()
 2 SYSTEMPATH\CodeIgniter.php(490): CodeIgniter\CodeIgniter->createController()
 3 SYSTEMPATH\CodeIgniter.php(368): CodeIgniter\CodeIgniter->handleRequest(null, Object(Config\Cache), false)
 4 FCPATH\index.php(67): CodeIgniter\CodeIgniter->run()
 5 SYSTEMPATH\Commands\Server\rewrite.php(47): require_once('FCPATH\\index.php')
INFO - 2023-06-15 21:26:59 --> Session: Class initialized using 'CodeIgniter\Session\Handlers\FileHandler' driver.
INFO - 2023-06-15 21:27:09 --> Session: Class initialized using 'CodeIgniter\Session\Handlers\FileHandler' driver.
ERROR - 2023-06-15 21:27:13 --> Error connecting to the database: mysqli_sql_exception: No se puede establecer una conexión ya que el equipo de destino denegó expresamente dicha conexión in E:\proyectos\tickets\system\Database\MySQLi\Connection.php:173
Stack trace:
#0 E:\proyectos\tickets\system\Database\MySQLi\Connection.php(173): mysqli->real_connect('localhost', 'root', Object(SensitiveParameterValue), 'tickets', 3306, '', 0)
#1 E:\proyectos\tickets\system\Database\BaseConnection.php(391): CodeIgniter\Database\MySQLi\Connection->connect(false)
#2 E:\proyectos\tickets\system\Database\BaseConnection.php(573): CodeIgniter\Database\BaseConnection->initialize()
#3 E:\proyectos\tickets\system\Database\BaseBuilder.php(1602): CodeIgniter\Database\BaseConnection->query('SELECT *\nFROM `...', Array, false)
#4 E:\proyectos\tickets\system\Model.php(267): CodeIgniter\Database\BaseBuilder->get()
#5 E:\proyectos\tickets\system\BaseModel.php(656): CodeIgniter\Model->doFirst()
#6 E:\proyectos\tickets\app\Validation\Userrules.php(12): CodeIgniter\BaseModel->first()
#7 E:\proyectos\tickets\system\Validation\Validation.php(312): App\Validation\Userrules->validateUser('12345678', 'email,password', Array, NULL, 'password')
#8 E:\proyectos\tickets\system\Validation\Validation.php(170): CodeIgniter\Validation\Validation->processRules('password', 'password', '12345678', Array, Array)
#9 E:\proyectos\tickets\system\Controller.php(140): CodeIgniter\Validation\Validation->run()
#10 E:\proyectos\tickets\app\Controllers\UserController.php(27): CodeIgniter\Controller->validate(Array, Array)
#11 E:\proyectos\tickets\system\CodeIgniter.php(934): App\Controllers\UserController->login()
#12 E:\proyectos\tickets\system\CodeIgniter.php(499): CodeIgniter\CodeIgniter->runController(Object(App\Controllers\UserController))
#13 E:\proyectos\tickets\system\CodeIgniter.php(368): CodeIgniter\CodeIgniter->handleRequest(NULL, Object(Config\Cache), false)
#14 E:\proyectos\tickets\public\index.php(67): CodeIgniter\CodeIgniter->run()
#15 E:\proyectos\tickets\system\Commands\Server\rewrite.php(47): require_once('E:\\proyectos\\ti...')
#16 {main}

Next CodeIgniter\Database\Exceptions\DatabaseException: No se puede establecer una conexión ya que el equipo de destino denegó expresamente dicha conexión in E:\proyectos\tickets\system\Database\MySQLi\Connection.php:218
Stack trace:
#0 E:\proyectos\tickets\system\Database\BaseConnection.php(391): CodeIgniter\Database\MySQLi\Connection->connect(false)
#1 E:\proyectos\tickets\system\Database\BaseConnection.php(573): CodeIgniter\Database\BaseConnection->initialize()
#2 E:\proyectos\tickets\system\Database\BaseBuilder.php(1602): CodeIgniter\Database\BaseConnection->query('SELECT *\nFROM `...', Array, false)
#3 E:\proyectos\tickets\system\Model.php(267): CodeIgniter\Database\BaseBuilder->get()
#4 E:\proyectos\tickets\system\BaseModel.php(656): CodeIgniter\Model->doFirst()
#5 E:\proyectos\tickets\app\Validation\Userrules.php(12): CodeIgniter\BaseModel->first()
#6 E:\proyectos\tickets\system\Validation\Validation.php(312): App\Validation\Userrules->validateUser('12345678', 'email,password', Array, NULL, 'password')
#7 E:\proyectos\tickets\system\Validation\Validation.php(170): CodeIgniter\Validation\Validation->processRules('password', 'password', '12345678', Array, Array)
#8 E:\proyectos\tickets\system\Controller.php(140): CodeIgniter\Validation\Validation->run()
#9 E:\proyectos\tickets\app\Controllers\UserController.php(27): CodeIgniter\Controller->validate(Array, Array)
#10 E:\proyectos\tickets\system\CodeIgniter.php(934): App\Controllers\UserController->login()
#11 E:\proyectos\tickets\system\CodeIgniter.php(499): CodeIgniter\CodeIgniter->runController(Object(App\Controllers\UserController))
#12 E:\proyectos\tickets\system\CodeIgniter.php(368): CodeIgniter\CodeIgniter->handleRequest(NULL, Object(Config\Cache), false)
#13 E:\proyectos\tickets\public\index.php(67): CodeIgniter\CodeIgniter->run()
#14 E:\proyectos\tickets\system\Commands\Server\rewrite.php(47): require_once('E:\\proyectos\\ti...')
#15 {main}
CRITICAL - 2023-06-15 21:27:13 --> Unable to connect to the database.
Main connection [MySQLi]: No se puede establecer una conexión ya que el equipo de destino denegó expresamente dicha conexión
in SYSTEMPATH\Database\BaseConnection.php on line 427.
 1 SYSTEMPATH\Database\BaseConnection.php(573): CodeIgniter\Database\BaseConnection->initialize()
 2 SYSTEMPATH\Database\BaseBuilder.php(1602): CodeIgniter\Database\BaseConnection->query('SELECT *
FROM `users`
WHERE `email` = :email:
 LIMIT 1', [...], false)
 3 SYSTEMPATH\Model.php(267): CodeIgniter\Database\BaseBuilder->get()
 4 SYSTEMPATH\BaseModel.php(656): CodeIgniter\Model->doFirst()
 5 APPPATH\Validation\Userrules.php(12): CodeIgniter\BaseModel->first()
 6 SYSTEMPATH\Validation\Validation.php(312): App\Validation\Userrules->validateUser('12345678', 'email,password', [...], null, 'password')
 7 SYSTEMPATH\Validation\Validation.php(170): CodeIgniter\Validation\Validation->processRules('password', 'password', '12345678', [...], [...])
 8 SYSTEMPATH\Controller.php(140): CodeIgniter\Validation\Validation->run()
 9 APPPATH\Controllers\UserController.php(27): CodeIgniter\Controller->validate([...], [...])
10 SYSTEMPATH\CodeIgniter.php(934): App\Controllers\UserController->login()
11 SYSTEMPATH\CodeIgniter.php(499): CodeIgniter\CodeIgniter->runController(Object(App\Controllers\UserController))
12 SYSTEMPATH\CodeIgniter.php(368): CodeIgniter\CodeIgniter->handleRequest(null, Object(Config\Cache), false)
13 FCPATH\index.php(67): CodeIgniter\CodeIgniter->run()
14 SYSTEMPATH\Commands\Server\rewrite.php(47): require_once('FCPATH\\index.php')
INFO - 2023-06-15 21:27:26 --> Session: Class initialized using 'CodeIgniter\Session\Handlers\FileHandler' driver.
INFO - 2023-06-15 21:27:26 --> Session: Class initialized using 'CodeIgniter\Session\Handlers\FileHandler' driver.
INFO - 2023-06-15 21:27:31 --> Session: Class initialized using 'CodeIgniter\Session\Handlers\FileHandler' driver.
INFO - 2023-06-15 21:27:36 --> Session: Class initialized using 'CodeIgniter\Session\Handlers\FileHandler' driver.
WARNING - 2023-06-15 21:27:36 --> [DEPRECATED] Creation of dynamic property App\Controllers\Admin\UsuariosController::$session is deprecated in APPPATH\Controllers\Admin\UsuariosController.php on line 23.
 1 SYSTEMPATH\CodeIgniter.php(906): App\Controllers\Admin\UsuariosController->__construct()
 2 SYSTEMPATH\CodeIgniter.php(490): CodeIgniter\CodeIgniter->createController()
 3 SYSTEMPATH\CodeIgniter.php(368): CodeIgniter\CodeIgniter->handleRequest(null, Object(Config\Cache), false)
 4 FCPATH\index.php(67): CodeIgniter\CodeIgniter->run()
 5 SYSTEMPATH\Commands\Server\rewrite.php(47): require_once('FCPATH\\index.php')
INFO - 2023-06-15 21:27:39 --> Session: Class initialized using 'CodeIgniter\Session\Handlers\FileHandler' driver.
INFO - 2023-06-15 21:27:42 --> Session: Class initialized using 'CodeIgniter\Session\Handlers\FileHandler' driver.
WARNING - 2023-06-15 21:27:42 --> [DEPRECATED] Creation of dynamic property App\Controllers\Admin\TicketController::$db is deprecated in APPPATH\Controllers\Admin\TicketController.php on line 28.
 1 SYSTEMPATH\CodeIgniter.php(906): App\Controllers\Admin\TicketController->__construct()
 2 SYSTEMPATH\CodeIgniter.php(490): CodeIgniter\CodeIgniter->createController()
 3 SYSTEMPATH\CodeIgniter.php(368): CodeIgniter\CodeIgniter->handleRequest(null, Object(Config\Cache), false)
 4 FCPATH\index.php(67): CodeIgniter\CodeIgniter->run()
 5 SYSTEMPATH\Commands\Server\rewrite.php(47): require_once('FCPATH\\index.php')
WARNING - 2023-06-15 21:27:42 --> [DEPRECATED] Creation of dynamic property App\Controllers\Admin\TicketController::$areas is deprecated in APPPATH\Controllers\Admin\TicketController.php on line 31.
 1 SYSTEMPATH\CodeIgniter.php(906): App\Controllers\Admin\TicketController->__construct()
 2 SYSTEMPATH\CodeIgniter.php(490): CodeIgniter\CodeIgniter->createController()
 3 SYSTEMPATH\CodeIgniter.php(368): CodeIgniter\CodeIgniter->handleRequest(null, Object(Config\Cache), false)
 4 FCPATH\index.php(67): CodeIgniter\CodeIgniter->run()
 5 SYSTEMPATH\Commands\Server\rewrite.php(47): require_once('FCPATH\\index.php')
WARNING - 2023-06-15 21:27:42 --> [DEPRECATED] Creation of dynamic property App\Controllers\Admin\TicketController::$session is deprecated in APPPATH\Controllers\Admin\TicketController.php on line 32.
 1 SYSTEMPATH\CodeIgniter.php(906): App\Controllers\Admin\TicketController->__construct()
 2 SYSTEMPATH\CodeIgniter.php(490): CodeIgniter\CodeIgniter->createController()
 3 SYSTEMPATH\CodeIgniter.php(368): CodeIgniter\CodeIgniter->handleRequest(null, Object(Config\Cache), false)
 4 FCPATH\index.php(67): CodeIgniter\CodeIgniter->run()
 5 SYSTEMPATH\Commands\Server\rewrite.php(47): require_once('FCPATH\\index.php')
INFO - 2023-06-15 21:29:04 --> Session: Class initialized using 'CodeIgniter\Session\Handlers\FileHandler' driver.
WARNING - 2023-06-15 21:29:04 --> [DEPRECATED] Creation of dynamic property App\Controllers\Admin\TicketController::$db is deprecated in APPPATH\Controllers\Admin\TicketController.php on line 28.
 1 SYSTEMPATH\CodeIgniter.php(906): App\Controllers\Admin\TicketController->__construct()
 2 SYSTEMPATH\CodeIgniter.php(490): CodeIgniter\CodeIgniter->createController()
 3 SYSTEMPATH\CodeIgniter.php(368): CodeIgniter\CodeIgniter->handleRequest(null, Object(Config\Cache), false)
 4 FCPATH\index.php(67): CodeIgniter\CodeIgniter->run()
 5 SYSTEMPATH\Commands\Server\rewrite.php(47): require_once('FCPATH\\index.php')
WARNING - 2023-06-15 21:29:05 --> [DEPRECATED] Creation of dynamic property App\Controllers\Admin\TicketController::$areas is deprecated in APPPATH\Controllers\Admin\TicketController.php on line 31.
 1 SYSTEMPATH\CodeIgniter.php(906): App\Controllers\Admin\TicketController->__construct()
 2 SYSTEMPATH\CodeIgniter.php(490): CodeIgniter\CodeIgniter->createController()
 3 SYSTEMPATH\CodeIgniter.php(368): CodeIgniter\CodeIgniter->handleRequest(null, Object(Config\Cache), false)
 4 FCPATH\index.php(67): CodeIgniter\CodeIgniter->run()
 5 SYSTEMPATH\Commands\Server\rewrite.php(47): require_once('FCPATH\\index.php')
WARNING - 2023-06-15 21:29:05 --> [DEPRECATED] Creation of dynamic property App\Controllers\Admin\TicketController::$session is deprecated in APPPATH\Controllers\Admin\TicketController.php on line 32.
 1 SYSTEMPATH\CodeIgniter.php(906): App\Controllers\Admin\TicketController->__construct()
 2 SYSTEMPATH\CodeIgniter.php(490): CodeIgniter\CodeIgniter->createController()
 3 SYSTEMPATH\CodeIgniter.php(368): CodeIgniter\CodeIgniter->handleRequest(null, Object(Config\Cache), false)
 4 FCPATH\index.php(67): CodeIgniter\CodeIgniter->run()
 5 SYSTEMPATH\Commands\Server\rewrite.php(47): require_once('FCPATH\\index.php')
INFO - 2023-06-15 21:29:09 --> Session: Class initialized using 'CodeIgniter\Session\Handlers\FileHandler' driver.
WARNING - 2023-06-15 21:29:09 --> [DEPRECATED] Creation of dynamic property App\Controllers\Admin\TicketController::$db is deprecated in APPPATH\Controllers\Admin\TicketController.php on line 28.
 1 SYSTEMPATH\CodeIgniter.php(906): App\Controllers\Admin\TicketController->__construct()
 2 SYSTEMPATH\CodeIgniter.php(490): CodeIgniter\CodeIgniter->createController()
 3 SYSTEMPATH\CodeIgniter.php(368): CodeIgniter\CodeIgniter->handleRequest(null, Object(Config\Cache), false)
 4 FCPATH\index.php(67): CodeIgniter\CodeIgniter->run()
 5 SYSTEMPATH\Commands\Server\rewrite.php(47): require_once('FCPATH\\index.php')
WARNING - 2023-06-15 21:29:09 --> [DEPRECATED] Creation of dynamic property App\Controllers\Admin\TicketController::$areas is deprecated in APPPATH\Controllers\Admin\TicketController.php on line 31.
 1 SYSTEMPATH\CodeIgniter.php(906): App\Controllers\Admin\TicketController->__construct()
 2 SYSTEMPATH\CodeIgniter.php(490): CodeIgniter\CodeIgniter->createController()
 3 SYSTEMPATH\CodeIgniter.php(368): CodeIgniter\CodeIgniter->handleRequest(null, Object(Config\Cache), false)
 4 FCPATH\index.php(67): CodeIgniter\CodeIgniter->run()
 5 SYSTEMPATH\Commands\Server\rewrite.php(47): require_once('FCPATH\\index.php')
WARNING - 2023-06-15 21:29:09 --> [DEPRECATED] Creation of dynamic property App\Controllers\Admin\TicketController::$session is deprecated in APPPATH\Controllers\Admin\TicketController.php on line 32.
 1 SYSTEMPATH\CodeIgniter.php(906): App\Controllers\Admin\TicketController->__construct()
 2 SYSTEMPATH\CodeIgniter.php(490): CodeIgniter\CodeIgniter->createController()
 3 SYSTEMPATH\CodeIgniter.php(368): CodeIgniter\CodeIgniter->handleRequest(null, Object(Config\Cache), false)
 4 FCPATH\index.php(67): CodeIgniter\CodeIgniter->run()
 5 SYSTEMPATH\Commands\Server\rewrite.php(47): require_once('FCPATH\\index.php')
INFO - 2023-06-15 21:29:14 --> Session: Class initialized using 'CodeIgniter\Session\Handlers\FileHandler' driver.
WARNING - 2023-06-15 21:29:14 --> [DEPRECATED] Creation of dynamic property App\Controllers\Admin\TicketController::$db is deprecated in APPPATH\Controllers\Admin\TicketController.php on line 28.
 1 SYSTEMPATH\CodeIgniter.php(906): App\Controllers\Admin\TicketController->__construct()
 2 SYSTEMPATH\CodeIgniter.php(490): CodeIgniter\CodeIgniter->createController()
 3 SYSTEMPATH\CodeIgniter.php(368): CodeIgniter\CodeIgniter->handleRequest(null, Object(Config\Cache), false)
 4 FCPATH\index.php(67): CodeIgniter\CodeIgniter->run()
 5 SYSTEMPATH\Commands\Server\rewrite.php(47): require_once('FCPATH\\index.php')
WARNING - 2023-06-15 21:29:14 --> [DEPRECATED] Creation of dynamic property App\Controllers\Admin\TicketController::$areas is deprecated in APPPATH\Controllers\Admin\TicketController.php on line 31.
 1 SYSTEMPATH\CodeIgniter.php(906): App\Controllers\Admin\TicketController->__construct()
 2 SYSTEMPATH\CodeIgniter.php(490): CodeIgniter\CodeIgniter->createController()
 3 SYSTEMPATH\CodeIgniter.php(368): CodeIgniter\CodeIgniter->handleRequest(null, Object(Config\Cache), false)
 4 FCPATH\index.php(67): CodeIgniter\CodeIgniter->run()
 5 SYSTEMPATH\Commands\Server\rewrite.php(47): require_once('FCPATH\\index.php')
WARNING - 2023-06-15 21:29:14 --> [DEPRECATED] Creation of dynamic property App\Controllers\Admin\TicketController::$session is deprecated in APPPATH\Controllers\Admin\TicketController.php on line 32.
 1 SYSTEMPATH\CodeIgniter.php(906): App\Controllers\Admin\TicketController->__construct()
 2 SYSTEMPATH\CodeIgniter.php(490): CodeIgniter\CodeIgniter->createController()
 3 SYSTEMPATH\CodeIgniter.php(368): CodeIgniter\CodeIgniter->handleRequest(null, Object(Config\Cache), false)
 4 FCPATH\index.php(67): CodeIgniter\CodeIgniter->run()
 5 SYSTEMPATH\Commands\Server\rewrite.php(47): require_once('FCPATH\\index.php')
CRITICAL - 2023-06-15 21:29:14 --> Undefined array key "HTTP_REFERER"
in APPPATH\Views\admin\tickets\show.php on line 4.
 1 APPPATH\Views\admin\tickets\show.php(4): CodeIgniter\Debug\Exceptions->errorHandler(2, 'Undefined array key "HTTP_REFERER"', 'APPPATH\\Views\\admin\\tickets\\show.php', 4)
 2 SYSTEMPATH\View\View.php(213): include('APPPATH\\Views\\admin\\tickets\\show.php')
 3 SYSTEMPATH\View\View.php(216): CodeIgniter\View\View->CodeIgniter\View\{closure}()
 4 SYSTEMPATH\Common.php(1177): CodeIgniter\View\View->render('admin/tickets/show', [], true)
 5 APPPATH\Controllers\Admin\TicketController.php(132): view('admin/tickets/show', [...])
 6 SYSTEMPATH\CodeIgniter.php(934): App\Controllers\Admin\TicketController->show('6')
 7 SYSTEMPATH\CodeIgniter.php(499): CodeIgniter\CodeIgniter->runController(Object(App\Controllers\Admin\TicketController))
 8 SYSTEMPATH\CodeIgniter.php(368): CodeIgniter\CodeIgniter->handleRequest(null, Object(Config\Cache), false)
 9 FCPATH\index.php(67): CodeIgniter\CodeIgniter->run()
10 SYSTEMPATH\Commands\Server\rewrite.php(47): require_once('FCPATH\\index.php')
INFO - 2023-06-15 21:29:18 --> Session: Class initialized using 'CodeIgniter\Session\Handlers\FileHandler' driver.
WARNING - 2023-06-15 21:29:18 --> [DEPRECATED] Creation of dynamic property App\Controllers\Admin\TicketController::$db is deprecated in APPPATH\Controllers\Admin\TicketController.php on line 28.
 1 SYSTEMPATH\CodeIgniter.php(906): App\Controllers\Admin\TicketController->__construct()
 2 SYSTEMPATH\CodeIgniter.php(490): CodeIgniter\CodeIgniter->createController()
 3 SYSTEMPATH\CodeIgniter.php(368): CodeIgniter\CodeIgniter->handleRequest(null, Object(Config\Cache), false)
 4 FCPATH\index.php(67): CodeIgniter\CodeIgniter->run()
 5 SYSTEMPATH\Commands\Server\rewrite.php(47): require_once('FCPATH\\index.php')
WARNING - 2023-06-15 21:29:18 --> [DEPRECATED] Creation of dynamic property App\Controllers\Admin\TicketController::$areas is deprecated in APPPATH\Controllers\Admin\TicketController.php on line 31.
 1 SYSTEMPATH\CodeIgniter.php(906): App\Controllers\Admin\TicketController->__construct()
 2 SYSTEMPATH\CodeIgniter.php(490): CodeIgniter\CodeIgniter->createController()
 3 SYSTEMPATH\CodeIgniter.php(368): CodeIgniter\CodeIgniter->handleRequest(null, Object(Config\Cache), false)
 4 FCPATH\index.php(67): CodeIgniter\CodeIgniter->run()
 5 SYSTEMPATH\Commands\Server\rewrite.php(47): require_once('FCPATH\\index.php')
WARNING - 2023-06-15 21:29:18 --> [DEPRECATED] Creation of dynamic property App\Controllers\Admin\TicketController::$session is deprecated in APPPATH\Controllers\Admin\TicketController.php on line 32.
 1 SYSTEMPATH\CodeIgniter.php(906): App\Controllers\Admin\TicketController->__construct()
 2 SYSTEMPATH\CodeIgniter.php(490): CodeIgniter\CodeIgniter->createController()
 3 SYSTEMPATH\CodeIgniter.php(368): CodeIgniter\CodeIgniter->handleRequest(null, Object(Config\Cache), false)
 4 FCPATH\index.php(67): CodeIgniter\CodeIgniter->run()
 5 SYSTEMPATH\Commands\Server\rewrite.php(47): require_once('FCPATH\\index.php')
INFO - 2023-06-15 21:29:21 --> Session: Class initialized using 'CodeIgniter\Session\Handlers\FileHandler' driver.
WARNING - 2023-06-15 21:29:21 --> [DEPRECATED] Creation of dynamic property App\Controllers\Admin\TicketController::$db is deprecated in APPPATH\Controllers\Admin\TicketController.php on line 28.
 1 SYSTEMPATH\CodeIgniter.php(906): App\Controllers\Admin\TicketController->__construct()
 2 SYSTEMPATH\CodeIgniter.php(490): CodeIgniter\CodeIgniter->createController()
 3 SYSTEMPATH\CodeIgniter.php(368): CodeIgniter\CodeIgniter->handleRequest(null, Object(Config\Cache), false)
 4 FCPATH\index.php(67): CodeIgniter\CodeIgniter->run()
 5 SYSTEMPATH\Commands\Server\rewrite.php(47): require_once('FCPATH\\index.php')
WARNING - 2023-06-15 21:29:21 --> [DEPRECATED] Creation of dynamic property App\Controllers\Admin\TicketController::$areas is deprecated in APPPATH\Controllers\Admin\TicketController.php on line 31.
 1 SYSTEMPATH\CodeIgniter.php(906): App\Controllers\Admin\TicketController->__construct()
 2 SYSTEMPATH\CodeIgniter.php(490): CodeIgniter\CodeIgniter->createController()
 3 SYSTEMPATH\CodeIgniter.php(368): CodeIgniter\CodeIgniter->handleRequest(null, Object(Config\Cache), false)
 4 FCPATH\index.php(67): CodeIgniter\CodeIgniter->run()
 5 SYSTEMPATH\Commands\Server\rewrite.php(47): require_once('FCPATH\\index.php')
WARNING - 2023-06-15 21:29:21 --> [DEPRECATED] Creation of dynamic property App\Controllers\Admin\TicketController::$session is deprecated in APPPATH\Controllers\Admin\TicketController.php on line 32.
 1 SYSTEMPATH\CodeIgniter.php(906): App\Controllers\Admin\TicketController->__construct()
 2 SYSTEMPATH\CodeIgniter.php(490): CodeIgniter\CodeIgniter->createController()
 3 SYSTEMPATH\CodeIgniter.php(368): CodeIgniter\CodeIgniter->handleRequest(null, Object(Config\Cache), false)
 4 FCPATH\index.php(67): CodeIgniter\CodeIgniter->run()
 5 SYSTEMPATH\Commands\Server\rewrite.php(47): require_once('FCPATH\\index.php')
INFO - 2023-06-15 21:29:24 --> Session: Class initialized using 'CodeIgniter\Session\Handlers\FileHandler' driver.
WARNING - 2023-06-15 21:29:25 --> [DEPRECATED] Creation of dynamic property App\Controllers\Admin\TicketController::$db is deprecated in APPPATH\Controllers\Admin\TicketController.php on line 28.
 1 SYSTEMPATH\CodeIgniter.php(906): App\Controllers\Admin\TicketController->__construct()
 2 SYSTEMPATH\CodeIgniter.php(490): CodeIgniter\CodeIgniter->createController()
 3 SYSTEMPATH\CodeIgniter.php(368): CodeIgniter\CodeIgniter->handleRequest(null, Object(Config\Cache), false)
 4 FCPATH\index.php(67): CodeIgniter\CodeIgniter->run()
 5 SYSTEMPATH\Commands\Server\rewrite.php(47): require_once('FCPATH\\index.php')
WARNING - 2023-06-15 21:29:25 --> [DEPRECATED] Creation of dynamic property App\Controllers\Admin\TicketController::$areas is deprecated in APPPATH\Controllers\Admin\TicketController.php on line 31.
 1 SYSTEMPATH\CodeIgniter.php(906): App\Controllers\Admin\TicketController->__construct()
 2 SYSTEMPATH\CodeIgniter.php(490): CodeIgniter\CodeIgniter->createController()
 3 SYSTEMPATH\CodeIgniter.php(368): CodeIgniter\CodeIgniter->handleRequest(null, Object(Config\Cache), false)
 4 FCPATH\index.php(67): CodeIgniter\CodeIgniter->run()
 5 SYSTEMPATH\Commands\Server\rewrite.php(47): require_once('FCPATH\\index.php')
WARNING - 2023-06-15 21:29:25 --> [DEPRECATED] Creation of dynamic property App\Controllers\Admin\TicketController::$session is deprecated in APPPATH\Controllers\Admin\TicketController.php on line 32.
 1 SYSTEMPATH\CodeIgniter.php(906): App\Controllers\Admin\TicketController->__construct()
 2 SYSTEMPATH\CodeIgniter.php(490): CodeIgniter\CodeIgniter->createController()
 3 SYSTEMPATH\CodeIgniter.php(368): CodeIgniter\CodeIgniter->handleRequest(null, Object(Config\Cache), false)
 4 FCPATH\index.php(67): CodeIgniter\CodeIgniter->run()
 5 SYSTEMPATH\Commands\Server\rewrite.php(47): require_once('FCPATH\\index.php')
INFO - 2023-06-15 21:29:33 --> Session: Class initialized using 'CodeIgniter\Session\Handlers\FileHandler' driver.
WARNING - 2023-06-15 21:29:33 --> [DEPRECATED] Creation of dynamic property App\Controllers\Admin\TicketController::$db is deprecated in APPPATH\Controllers\Admin\TicketController.php on line 28.
 1 SYSTEMPATH\CodeIgniter.php(906): App\Controllers\Admin\TicketController->__construct()
 2 SYSTEMPATH\CodeIgniter.php(490): CodeIgniter\CodeIgniter->createController()
 3 SYSTEMPATH\CodeIgniter.php(368): CodeIgniter\CodeIgniter->handleRequest(null, Object(Config\Cache), false)
 4 FCPATH\index.php(67): CodeIgniter\CodeIgniter->run()
 5 SYSTEMPATH\Commands\Server\rewrite.php(47): require_once('FCPATH\\index.php')
WARNING - 2023-06-15 21:29:33 --> [DEPRECATED] Creation of dynamic property App\Controllers\Admin\TicketController::$areas is deprecated in APPPATH\Controllers\Admin\TicketController.php on line 31.
 1 SYSTEMPATH\CodeIgniter.php(906): App\Controllers\Admin\TicketController->__construct()
 2 SYSTEMPATH\CodeIgniter.php(490): CodeIgniter\CodeIgniter->createController()
 3 SYSTEMPATH\CodeIgniter.php(368): CodeIgniter\CodeIgniter->handleRequest(null, Object(Config\Cache), false)
 4 FCPATH\index.php(67): CodeIgniter\CodeIgniter->run()
 5 SYSTEMPATH\Commands\Server\rewrite.php(47): require_once('FCPATH\\index.php')
WARNING - 2023-06-15 21:29:33 --> [DEPRECATED] Creation of dynamic property App\Controllers\Admin\TicketController::$session is deprecated in APPPATH\Controllers\Admin\TicketController.php on line 32.
 1 SYSTEMPATH\CodeIgniter.php(906): App\Controllers\Admin\TicketController->__construct()
 2 SYSTEMPATH\CodeIgniter.php(490): CodeIgniter\CodeIgniter->createController()
 3 SYSTEMPATH\CodeIgniter.php(368): CodeIgniter\CodeIgniter->handleRequest(null, Object(Config\Cache), false)
 4 FCPATH\index.php(67): CodeIgniter\CodeIgniter->run()
 5 SYSTEMPATH\Commands\Server\rewrite.php(47): require_once('FCPATH\\index.php')
INFO - 2023-06-15 21:33:06 --> Session: Class initialized using 'CodeIgniter\Session\Handlers\FileHandler' driver.
INFO - 2023-06-15 21:33:06 --> Session: Class initialized using 'CodeIgniter\Session\Handlers\FileHandler' driver.
INFO - 2023-06-15 21:39:22 --> Session: Class initialized using 'CodeIgniter\Session\Handlers\FileHandler' driver.
WARNING - 2023-06-15 21:39:22 --> [DEPRECATED] Creation of dynamic property App\Controllers\Admin\TicketController::$db is deprecated in APPPATH\Controllers\Admin\TicketController.php on line 28.
 1 SYSTEMPATH\CodeIgniter.php(906): App\Controllers\Admin\TicketController->__construct()
 2 SYSTEMPATH\CodeIgniter.php(490): CodeIgniter\CodeIgniter->createController()
 3 SYSTEMPATH\CodeIgniter.php(368): CodeIgniter\CodeIgniter->handleRequest(null, Object(Config\Cache), false)
 4 FCPATH\index.php(67): CodeIgniter\CodeIgniter->run()
 5 SYSTEMPATH\Commands\Server\rewrite.php(47): require_once('FCPATH\\index.php')
WARNING - 2023-06-15 21:39:22 --> [DEPRECATED] Creation of dynamic property App\Controllers\Admin\TicketController::$areas is deprecated in APPPATH\Controllers\Admin\TicketController.php on line 31.
 1 SYSTEMPATH\CodeIgniter.php(906): App\Controllers\Admin\TicketController->__construct()
 2 SYSTEMPATH\CodeIgniter.php(490): CodeIgniter\CodeIgniter->createController()
 3 SYSTEMPATH\CodeIgniter.php(368): CodeIgniter\CodeIgniter->handleRequest(null, Object(Config\Cache), false)
 4 FCPATH\index.php(67): CodeIgniter\CodeIgniter->run()
 5 SYSTEMPATH\Commands\Server\rewrite.php(47): require_once('FCPATH\\index.php')
WARNING - 2023-06-15 21:39:22 --> [DEPRECATED] Creation of dynamic property App\Controllers\Admin\TicketController::$session is deprecated in APPPATH\Controllers\Admin\TicketController.php on line 32.
 1 SYSTEMPATH\CodeIgniter.php(906): App\Controllers\Admin\TicketController->__construct()
 2 SYSTEMPATH\CodeIgniter.php(490): CodeIgniter\CodeIgniter->createController()
 3 SYSTEMPATH\CodeIgniter.php(368): CodeIgniter\CodeIgniter->handleRequest(null, Object(Config\Cache), false)
 4 FCPATH\index.php(67): CodeIgniter\CodeIgniter->run()
 5 SYSTEMPATH\Commands\Server\rewrite.php(47): require_once('FCPATH\\index.php')
INFO - 2023-06-15 21:39:35 --> Session: Class initialized using 'CodeIgniter\Session\Handlers\FileHandler' driver.
WARNING - 2023-06-15 21:39:35 --> [DEPRECATED] Creation of dynamic property App\Controllers\Admin\TicketController::$db is deprecated in APPPATH\Controllers\Admin\TicketController.php on line 28.
 1 SYSTEMPATH\CodeIgniter.php(906): App\Controllers\Admin\TicketController->__construct()
 2 SYSTEMPATH\CodeIgniter.php(490): CodeIgniter\CodeIgniter->createController()
 3 SYSTEMPATH\CodeIgniter.php(368): CodeIgniter\CodeIgniter->handleRequest(null, Object(Config\Cache), false)
 4 FCPATH\index.php(67): CodeIgniter\CodeIgniter->run()
 5 SYSTEMPATH\Commands\Server\rewrite.php(47): require_once('FCPATH\\index.php')
WARNING - 2023-06-15 21:39:35 --> [DEPRECATED] Creation of dynamic property App\Controllers\Admin\TicketController::$areas is deprecated in APPPATH\Controllers\Admin\TicketController.php on line 31.
 1 SYSTEMPATH\CodeIgniter.php(906): App\Controllers\Admin\TicketController->__construct()
 2 SYSTEMPATH\CodeIgniter.php(490): CodeIgniter\CodeIgniter->createController()
 3 SYSTEMPATH\CodeIgniter.php(368): CodeIgniter\CodeIgniter->handleRequest(null, Object(Config\Cache), false)
 4 FCPATH\index.php(67): CodeIgniter\CodeIgniter->run()
 5 SYSTEMPATH\Commands\Server\rewrite.php(47): require_once('FCPATH\\index.php')
WARNING - 2023-06-15 21:39:35 --> [DEPRECATED] Creation of dynamic property App\Controllers\Admin\TicketController::$session is deprecated in APPPATH\Controllers\Admin\TicketController.php on line 32.
 1 SYSTEMPATH\CodeIgniter.php(906): App\Controllers\Admin\TicketController->__construct()
 2 SYSTEMPATH\CodeIgniter.php(490): CodeIgniter\CodeIgniter->createController()
 3 SYSTEMPATH\CodeIgniter.php(368): CodeIgniter\CodeIgniter->handleRequest(null, Object(Config\Cache), false)
 4 FCPATH\index.php(67): CodeIgniter\CodeIgniter->run()
 5 SYSTEMPATH\Commands\Server\rewrite.php(47): require_once('FCPATH\\index.php')
INFO - 2023-06-15 21:40:50 --> Session: Class initialized using 'CodeIgniter\Session\Handlers\FileHandler' driver.
WARNING - 2023-06-15 21:40:50 --> [DEPRECATED] Creation of dynamic property App\Controllers\Admin\TicketController::$db is deprecated in APPPATH\Controllers\Admin\TicketController.php on line 28.
 1 SYSTEMPATH\CodeIgniter.php(906): App\Controllers\Admin\TicketController->__construct()
 2 SYSTEMPATH\CodeIgniter.php(490): CodeIgniter\CodeIgniter->createController()
 3 SYSTEMPATH\CodeIgniter.php(368): CodeIgniter\CodeIgniter->handleRequest(null, Object(Config\Cache), false)
 4 FCPATH\index.php(67): CodeIgniter\CodeIgniter->run()
 5 SYSTEMPATH\Commands\Server\rewrite.php(47): require_once('FCPATH\\index.php')
WARNING - 2023-06-15 21:40:50 --> [DEPRECATED] Creation of dynamic property App\Controllers\Admin\TicketController::$areas is deprecated in APPPATH\Controllers\Admin\TicketController.php on line 31.
 1 SYSTEMPATH\CodeIgniter.php(906): App\Controllers\Admin\TicketController->__construct()
 2 SYSTEMPATH\CodeIgniter.php(490): CodeIgniter\CodeIgniter->createController()
 3 SYSTEMPATH\CodeIgniter.php(368): CodeIgniter\CodeIgniter->handleRequest(null, Object(Config\Cache), false)
 4 FCPATH\index.php(67): CodeIgniter\CodeIgniter->run()
 5 SYSTEMPATH\Commands\Server\rewrite.php(47): require_once('FCPATH\\index.php')
WARNING - 2023-06-15 21:40:50 --> [DEPRECATED] Creation of dynamic property App\Controllers\Admin\TicketController::$session is deprecated in APPPATH\Controllers\Admin\TicketController.php on line 32.
 1 SYSTEMPATH\CodeIgniter.php(906): App\Controllers\Admin\TicketController->__construct()
 2 SYSTEMPATH\CodeIgniter.php(490): CodeIgniter\CodeIgniter->createController()
 3 SYSTEMPATH\CodeIgniter.php(368): CodeIgniter\CodeIgniter->handleRequest(null, Object(Config\Cache), false)
 4 FCPATH\index.php(67): CodeIgniter\CodeIgniter->run()
 5 SYSTEMPATH\Commands\Server\rewrite.php(47): require_once('FCPATH\\index.php')
INFO - 2023-06-15 21:41:28 --> Session: Class initialized using 'CodeIgniter\Session\Handlers\FileHandler' driver.
WARNING - 2023-06-15 21:41:28 --> [DEPRECATED] Creation of dynamic property App\Controllers\Admin\TicketController::$db is deprecated in APPPATH\Controllers\Admin\TicketController.php on line 28.
 1 SYSTEMPATH\CodeIgniter.php(906): App\Controllers\Admin\TicketController->__construct()
 2 SYSTEMPATH\CodeIgniter.php(490): CodeIgniter\CodeIgniter->createController()
 3 SYSTEMPATH\CodeIgniter.php(368): CodeIgniter\CodeIgniter->handleRequest(null, Object(Config\Cache), false)
 4 FCPATH\index.php(67): CodeIgniter\CodeIgniter->run()
 5 SYSTEMPATH\Commands\Server\rewrite.php(47): require_once('FCPATH\\index.php')
WARNING - 2023-06-15 21:41:28 --> [DEPRECATED] Creation of dynamic property App\Controllers\Admin\TicketController::$areas is deprecated in APPPATH\Controllers\Admin\TicketController.php on line 31.
 1 SYSTEMPATH\CodeIgniter.php(906): App\Controllers\Admin\TicketController->__construct()
 2 SYSTEMPATH\CodeIgniter.php(490): CodeIgniter\CodeIgniter->createController()
 3 SYSTEMPATH\CodeIgniter.php(368): CodeIgniter\CodeIgniter->handleRequest(null, Object(Config\Cache), false)
 4 FCPATH\index.php(67): CodeIgniter\CodeIgniter->run()
 5 SYSTEMPATH\Commands\Server\rewrite.php(47): require_once('FCPATH\\index.php')
WARNING - 2023-06-15 21:41:28 --> [DEPRECATED] Creation of dynamic property App\Controllers\Admin\TicketController::$session is deprecated in APPPATH\Controllers\Admin\TicketController.php on line 32.
 1 SYSTEMPATH\CodeIgniter.php(906): App\Controllers\Admin\TicketController->__construct()
 2 SYSTEMPATH\CodeIgniter.php(490): CodeIgniter\CodeIgniter->createController()
 3 SYSTEMPATH\CodeIgniter.php(368): CodeIgniter\CodeIgniter->handleRequest(null, Object(Config\Cache), false)
 4 FCPATH\index.php(67): CodeIgniter\CodeIgniter->run()
 5 SYSTEMPATH\Commands\Server\rewrite.php(47): require_once('FCPATH\\index.php')
INFO - 2023-06-15 22:17:35 --> Session: Class initialized using 'CodeIgniter\Session\Handlers\FileHandler' driver.
WARNING - 2023-06-15 22:17:35 --> [DEPRECATED] Creation of dynamic property App\Controllers\Admin\TicketController::$db is deprecated in APPPATH\Controllers\Admin\TicketController.php on line 28.
 1 SYSTEMPATH\CodeIgniter.php(906): App\Controllers\Admin\TicketController->__construct()
 2 SYSTEMPATH\CodeIgniter.php(490): CodeIgniter\CodeIgniter->createController()
 3 SYSTEMPATH\CodeIgniter.php(368): CodeIgniter\CodeIgniter->handleRequest(null, Object(Config\Cache), false)
 4 FCPATH\index.php(67): CodeIgniter\CodeIgniter->run()
 5 SYSTEMPATH\Commands\Server\rewrite.php(47): require_once('FCPATH\\index.php')
WARNING - 2023-06-15 22:17:35 --> [DEPRECATED] Creation of dynamic property App\Controllers\Admin\TicketController::$areas is deprecated in APPPATH\Controllers\Admin\TicketController.php on line 31.
 1 SYSTEMPATH\CodeIgniter.php(906): App\Controllers\Admin\TicketController->__construct()
 2 SYSTEMPATH\CodeIgniter.php(490): CodeIgniter\CodeIgniter->createController()
 3 SYSTEMPATH\CodeIgniter.php(368): CodeIgniter\CodeIgniter->handleRequest(null, Object(Config\Cache), false)
 4 FCPATH\index.php(67): CodeIgniter\CodeIgniter->run()
 5 SYSTEMPATH\Commands\Server\rewrite.php(47): require_once('FCPATH\\index.php')
WARNING - 2023-06-15 22:17:35 --> [DEPRECATED] Creation of dynamic property App\Controllers\Admin\TicketController::$session is deprecated in APPPATH\Controllers\Admin\TicketController.php on line 32.
 1 SYSTEMPATH\CodeIgniter.php(906): App\Controllers\Admin\TicketController->__construct()
 2 SYSTEMPATH\CodeIgniter.php(490): CodeIgniter\CodeIgniter->createController()
 3 SYSTEMPATH\CodeIgniter.php(368): CodeIgniter\CodeIgniter->handleRequest(null, Object(Config\Cache), false)
 4 FCPATH\index.php(67): CodeIgniter\CodeIgniter->run()
 5 SYSTEMPATH\Commands\Server\rewrite.php(47): require_once('FCPATH\\index.php')
CRITICAL - 2023-06-15 22:17:35 --> Undefined array key "HTTP_REFERER"
in APPPATH\Views\admin\tickets\show.php on line 4.
 1 APPPATH\Views\admin\tickets\show.php(4): CodeIgniter\Debug\Exceptions->errorHandler(2, 'Undefined array key "HTTP_REFERER"', 'APPPATH\\Views\\admin\\tickets\\show.php', 4)
 2 SYSTEMPATH\View\View.php(213): include('APPPATH\\Views\\admin\\tickets\\show.php')
 3 SYSTEMPATH\View\View.php(216): CodeIgniter\View\View->CodeIgniter\View\{closure}()
 4 SYSTEMPATH\Common.php(1177): CodeIgniter\View\View->render('admin/tickets/show', [], true)
 5 APPPATH\Controllers\Admin\TicketController.php(132): view('admin/tickets/show', [...])
 6 SYSTEMPATH\CodeIgniter.php(934): App\Controllers\Admin\TicketController->show('6')
 7 SYSTEMPATH\CodeIgniter.php(499): CodeIgniter\CodeIgniter->runController(Object(App\Controllers\Admin\TicketController))
 8 SYSTEMPATH\CodeIgniter.php(368): CodeIgniter\CodeIgniter->handleRequest(null, Object(Config\Cache), false)
 9 FCPATH\index.php(67): CodeIgniter\CodeIgniter->run()
10 SYSTEMPATH\Commands\Server\rewrite.php(47): require_once('FCPATH\\index.php')
INFO - 2023-06-15 22:17:41 --> Session: Class initialized using 'CodeIgniter\Session\Handlers\FileHandler' driver.
INFO - 2023-06-15 22:17:44 --> Session: Class initialized using 'CodeIgniter\Session\Handlers\FileHandler' driver.
WARNING - 2023-06-15 22:17:44 --> [DEPRECATED] Creation of dynamic property App\Controllers\Admin\TicketController::$db is deprecated in APPPATH\Controllers\Admin\TicketController.php on line 28.
 1 SYSTEMPATH\CodeIgniter.php(906): App\Controllers\Admin\TicketController->__construct()
 2 SYSTEMPATH\CodeIgniter.php(490): CodeIgniter\CodeIgniter->createController()
 3 SYSTEMPATH\CodeIgniter.php(368): CodeIgniter\CodeIgniter->handleRequest(null, Object(Config\Cache), false)
 4 FCPATH\index.php(67): CodeIgniter\CodeIgniter->run()
 5 SYSTEMPATH\Commands\Server\rewrite.php(47): require_once('FCPATH\\index.php')
WARNING - 2023-06-15 22:17:44 --> [DEPRECATED] Creation of dynamic property App\Controllers\Admin\TicketController::$areas is deprecated in APPPATH\Controllers\Admin\TicketController.php on line 31.
 1 SYSTEMPATH\CodeIgniter.php(906): App\Controllers\Admin\TicketController->__construct()
 2 SYSTEMPATH\CodeIgniter.php(490): CodeIgniter\CodeIgniter->createController()
 3 SYSTEMPATH\CodeIgniter.php(368): CodeIgniter\CodeIgniter->handleRequest(null, Object(Config\Cache), false)
 4 FCPATH\index.php(67): CodeIgniter\CodeIgniter->run()
 5 SYSTEMPATH\Commands\Server\rewrite.php(47): require_once('FCPATH\\index.php')
WARNING - 2023-06-15 22:17:44 --> [DEPRECATED] Creation of dynamic property App\Controllers\Admin\TicketController::$session is deprecated in APPPATH\Controllers\Admin\TicketController.php on line 32.
 1 SYSTEMPATH\CodeIgniter.php(906): App\Controllers\Admin\TicketController->__construct()
 2 SYSTEMPATH\CodeIgniter.php(490): CodeIgniter\CodeIgniter->createController()
 3 SYSTEMPATH\CodeIgniter.php(368): CodeIgniter\CodeIgniter->handleRequest(null, Object(Config\Cache), false)
 4 FCPATH\index.php(67): CodeIgniter\CodeIgniter->run()
 5 SYSTEMPATH\Commands\Server\rewrite.php(47): require_once('FCPATH\\index.php')
INFO - 2023-06-15 22:17:46 --> Session: Class initialized using 'CodeIgniter\Session\Handlers\FileHandler' driver.
WARNING - 2023-06-15 22:17:46 --> [DEPRECATED] Creation of dynamic property App\Controllers\Admin\TicketController::$db is deprecated in APPPATH\Controllers\Admin\TicketController.php on line 28.
 1 SYSTEMPATH\CodeIgniter.php(906): App\Controllers\Admin\TicketController->__construct()
 2 SYSTEMPATH\CodeIgniter.php(490): CodeIgniter\CodeIgniter->createController()
 3 SYSTEMPATH\CodeIgniter.php(368): CodeIgniter\CodeIgniter->handleRequest(null, Object(Config\Cache), false)
 4 FCPATH\index.php(67): CodeIgniter\CodeIgniter->run()
 5 SYSTEMPATH\Commands\Server\rewrite.php(47): require_once('FCPATH\\index.php')
WARNING - 2023-06-15 22:17:46 --> [DEPRECATED] Creation of dynamic property App\Controllers\Admin\TicketController::$areas is deprecated in APPPATH\Controllers\Admin\TicketController.php on line 31.
 1 SYSTEMPATH\CodeIgniter.php(906): App\Controllers\Admin\TicketController->__construct()
 2 SYSTEMPATH\CodeIgniter.php(490): CodeIgniter\CodeIgniter->createController()
 3 SYSTEMPATH\CodeIgniter.php(368): CodeIgniter\CodeIgniter->handleRequest(null, Object(Config\Cache), false)
 4 FCPATH\index.php(67): CodeIgniter\CodeIgniter->run()
 5 SYSTEMPATH\Commands\Server\rewrite.php(47): require_once('FCPATH\\index.php')
WARNING - 2023-06-15 22:17:46 --> [DEPRECATED] Creation of dynamic property App\Controllers\Admin\TicketController::$session is deprecated in APPPATH\Controllers\Admin\TicketController.php on line 32.
 1 SYSTEMPATH\CodeIgniter.php(906): App\Controllers\Admin\TicketController->__construct()
 2 SYSTEMPATH\CodeIgniter.php(490): CodeIgniter\CodeIgniter->createController()
 3 SYSTEMPATH\CodeIgniter.php(368): CodeIgniter\CodeIgniter->handleRequest(null, Object(Config\Cache), false)
 4 FCPATH\index.php(67): CodeIgniter\CodeIgniter->run()
 5 SYSTEMPATH\Commands\Server\rewrite.php(47): require_once('FCPATH\\index.php')
INFO - 2023-06-15 22:17:50 --> Session: Class initialized using 'CodeIgniter\Session\Handlers\FileHandler' driver.
WARNING - 2023-06-15 22:17:50 --> [DEPRECATED] Creation of dynamic property App\Controllers\Admin\TicketController::$db is deprecated in APPPATH\Controllers\Admin\TicketController.php on line 28.
 1 SYSTEMPATH\CodeIgniter.php(906): App\Controllers\Admin\TicketController->__construct()
 2 SYSTEMPATH\CodeIgniter.php(490): CodeIgniter\CodeIgniter->createController()
 3 SYSTEMPATH\CodeIgniter.php(368): CodeIgniter\CodeIgniter->handleRequest(null, Object(Config\Cache), false)
 4 FCPATH\index.php(67): CodeIgniter\CodeIgniter->run()
 5 SYSTEMPATH\Commands\Server\rewrite.php(47): require_once('FCPATH\\index.php')
WARNING - 2023-06-15 22:17:50 --> [DEPRECATED] Creation of dynamic property App\Controllers\Admin\TicketController::$areas is deprecated in APPPATH\Controllers\Admin\TicketController.php on line 31.
 1 SYSTEMPATH\CodeIgniter.php(906): App\Controllers\Admin\TicketController->__construct()
 2 SYSTEMPATH\CodeIgniter.php(490): CodeIgniter\CodeIgniter->createController()
 3 SYSTEMPATH\CodeIgniter.php(368): CodeIgniter\CodeIgniter->handleRequest(null, Object(Config\Cache), false)
 4 FCPATH\index.php(67): CodeIgniter\CodeIgniter->run()
 5 SYSTEMPATH\Commands\Server\rewrite.php(47): require_once('FCPATH\\index.php')
WARNING - 2023-06-15 22:17:50 --> [DEPRECATED] Creation of dynamic property App\Controllers\Admin\TicketController::$session is deprecated in APPPATH\Controllers\Admin\TicketController.php on line 32.
 1 SYSTEMPATH\CodeIgniter.php(906): App\Controllers\Admin\TicketController->__construct()
 2 SYSTEMPATH\CodeIgniter.php(490): CodeIgniter\CodeIgniter->createController()
 3 SYSTEMPATH\CodeIgniter.php(368): CodeIgniter\CodeIgniter->handleRequest(null, Object(Config\Cache), false)
 4 FCPATH\index.php(67): CodeIgniter\CodeIgniter->run()
 5 SYSTEMPATH\Commands\Server\rewrite.php(47): require_once('FCPATH\\index.php')
INFO - 2023-06-15 22:21:23 --> Session: Class initialized using 'CodeIgniter\Session\Handlers\FileHandler' driver.
INFO - 2023-06-15 22:21:24 --> Session: Class initialized using 'CodeIgniter\Session\Handlers\FileHandler' driver.
INFO - 2023-06-15 22:34:01 --> Session: Class initialized using 'CodeIgniter\Session\Handlers\FileHandler' driver.
WARNING - 2023-06-15 22:34:01 --> [DEPRECATED] Creation of dynamic property App\Controllers\Admin\TicketController::$db is deprecated in APPPATH\Controllers\Admin\TicketController.php on line 28.
 1 SYSTEMPATH\CodeIgniter.php(906): App\Controllers\Admin\TicketController->__construct()
 2 SYSTEMPATH\CodeIgniter.php(490): CodeIgniter\CodeIgniter->createController()
 3 SYSTEMPATH\CodeIgniter.php(368): CodeIgniter\CodeIgniter->handleRequest(null, Object(Config\Cache), false)
 4 FCPATH\index.php(67): CodeIgniter\CodeIgniter->run()
 5 SYSTEMPATH\Commands\Server\rewrite.php(47): require_once('FCPATH\\index.php')
WARNING - 2023-06-15 22:34:01 --> [DEPRECATED] Creation of dynamic property App\Controllers\Admin\TicketController::$areas is deprecated in APPPATH\Controllers\Admin\TicketController.php on line 31.
 1 SYSTEMPATH\CodeIgniter.php(906): App\Controllers\Admin\TicketController->__construct()
 2 SYSTEMPATH\CodeIgniter.php(490): CodeIgniter\CodeIgniter->createController()
 3 SYSTEMPATH\CodeIgniter.php(368): CodeIgniter\CodeIgniter->handleRequest(null, Object(Config\Cache), false)
 4 FCPATH\index.php(67): CodeIgniter\CodeIgniter->run()
 5 SYSTEMPATH\Commands\Server\rewrite.php(47): require_once('FCPATH\\index.php')
WARNING - 2023-06-15 22:34:01 --> [DEPRECATED] Creation of dynamic property App\Controllers\Admin\TicketController::$session is deprecated in APPPATH\Controllers\Admin\TicketController.php on line 32.
 1 SYSTEMPATH\CodeIgniter.php(906): App\Controllers\Admin\TicketController->__construct()
 2 SYSTEMPATH\CodeIgniter.php(490): CodeIgniter\CodeIgniter->createController()
 3 SYSTEMPATH\CodeIgniter.php(368): CodeIgniter\CodeIgniter->handleRequest(null, Object(Config\Cache), false)
 4 FCPATH\index.php(67): CodeIgniter\CodeIgniter->run()
 5 SYSTEMPATH\Commands\Server\rewrite.php(47): require_once('FCPATH\\index.php')
INFO - 2023-06-15 22:34:03 --> Session: Class initialized using 'CodeIgniter\Session\Handlers\FileHandler' driver.
WARNING - 2023-06-15 22:34:04 --> [DEPRECATED] Creation of dynamic property App\Controllers\Admin\TicketController::$db is deprecated in APPPATH\Controllers\Admin\TicketController.php on line 28.
 1 SYSTEMPATH\CodeIgniter.php(906): App\Controllers\Admin\TicketController->__construct()
 2 SYSTEMPATH\CodeIgniter.php(490): CodeIgniter\CodeIgniter->createController()
 3 SYSTEMPATH\CodeIgniter.php(368): CodeIgniter\CodeIgniter->handleRequest(null, Object(Config\Cache), false)
 4 FCPATH\index.php(67): CodeIgniter\CodeIgniter->run()
 5 SYSTEMPATH\Commands\Server\rewrite.php(47): require_once('FCPATH\\index.php')
WARNING - 2023-06-15 22:34:04 --> [DEPRECATED] Creation of dynamic property App\Controllers\Admin\TicketController::$areas is deprecated in APPPATH\Controllers\Admin\TicketController.php on line 31.
 1 SYSTEMPATH\CodeIgniter.php(906): App\Controllers\Admin\TicketController->__construct()
 2 SYSTEMPATH\CodeIgniter.php(490): CodeIgniter\CodeIgniter->createController()
 3 SYSTEMPATH\CodeIgniter.php(368): CodeIgniter\CodeIgniter->handleRequest(null, Object(Config\Cache), false)
 4 FCPATH\index.php(67): CodeIgniter\CodeIgniter->run()
 5 SYSTEMPATH\Commands\Server\rewrite.php(47): require_once('FCPATH\\index.php')
WARNING - 2023-06-15 22:34:04 --> [DEPRECATED] Creation of dynamic property App\Controllers\Admin\TicketController::$session is deprecated in APPPATH\Controllers\Admin\TicketController.php on line 32.
 1 SYSTEMPATH\CodeIgniter.php(906): App\Controllers\Admin\TicketController->__construct()
 2 SYSTEMPATH\CodeIgniter.php(490): CodeIgniter\CodeIgniter->createController()
 3 SYSTEMPATH\CodeIgniter.php(368): CodeIgniter\CodeIgniter->handleRequest(null, Object(Config\Cache), false)
 4 FCPATH\index.php(67): CodeIgniter\CodeIgniter->run()
 5 SYSTEMPATH\Commands\Server\rewrite.php(47): require_once('FCPATH\\index.php')
INFO - 2023-06-15 22:38:20 --> Session: Class initialized using 'CodeIgniter\Session\Handlers\FileHandler' driver.
WARNING - 2023-06-15 22:38:20 --> [DEPRECATED] Creation of dynamic property App\Controllers\Admin\TicketController::$db is deprecated in APPPATH\Controllers\Admin\TicketController.php on line 28.
 1 SYSTEMPATH\CodeIgniter.php(906): App\Controllers\Admin\TicketController->__construct()
 2 SYSTEMPATH\CodeIgniter.php(490): CodeIgniter\CodeIgniter->createController()
 3 SYSTEMPATH\CodeIgniter.php(368): CodeIgniter\CodeIgniter->handleRequest(null, Object(Config\Cache), false)
 4 FCPATH\index.php(67): CodeIgniter\CodeIgniter->run()
 5 SYSTEMPATH\Commands\Server\rewrite.php(47): require_once('FCPATH\\index.php')
WARNING - 2023-06-15 22:38:20 --> [DEPRECATED] Creation of dynamic property App\Controllers\Admin\TicketController::$areas is deprecated in APPPATH\Controllers\Admin\TicketController.php on line 31.
 1 SYSTEMPATH\CodeIgniter.php(906): App\Controllers\Admin\TicketController->__construct()
 2 SYSTEMPATH\CodeIgniter.php(490): CodeIgniter\CodeIgniter->createController()
 3 SYSTEMPATH\CodeIgniter.php(368): CodeIgniter\CodeIgniter->handleRequest(null, Object(Config\Cache), false)
 4 FCPATH\index.php(67): CodeIgniter\CodeIgniter->run()
 5 SYSTEMPATH\Commands\Server\rewrite.php(47): require_once('FCPATH\\index.php')
WARNING - 2023-06-15 22:38:20 --> [DEPRECATED] Creation of dynamic property App\Controllers\Admin\TicketController::$session is deprecated in APPPATH\Controllers\Admin\TicketController.php on line 32.
 1 SYSTEMPATH\CodeIgniter.php(906): App\Controllers\Admin\TicketController->__construct()
 2 SYSTEMPATH\CodeIgniter.php(490): CodeIgniter\CodeIgniter->createController()
 3 SYSTEMPATH\CodeIgniter.php(368): CodeIgniter\CodeIgniter->handleRequest(null, Object(Config\Cache), false)
 4 FCPATH\index.php(67): CodeIgniter\CodeIgniter->run()
 5 SYSTEMPATH\Commands\Server\rewrite.php(47): require_once('FCPATH\\index.php')
INFO - 2023-06-15 22:38:23 --> Session: Class initialized using 'CodeIgniter\Session\Handlers\FileHandler' driver.
WARNING - 2023-06-15 22:38:23 --> [DEPRECATED] Creation of dynamic property App\Controllers\Admin\TicketController::$db is deprecated in APPPATH\Controllers\Admin\TicketController.php on line 28.
 1 SYSTEMPATH\CodeIgniter.php(906): App\Controllers\Admin\TicketController->__construct()
 2 SYSTEMPATH\CodeIgniter.php(490): CodeIgniter\CodeIgniter->createController()
 3 SYSTEMPATH\CodeIgniter.php(368): CodeIgniter\CodeIgniter->handleRequest(null, Object(Config\Cache), false)
 4 FCPATH\index.php(67): CodeIgniter\CodeIgniter->run()
 5 SYSTEMPATH\Commands\Server\rewrite.php(47): require_once('FCPATH\\index.php')
WARNING - 2023-06-15 22:38:23 --> [DEPRECATED] Creation of dynamic property App\Controllers\Admin\TicketController::$areas is deprecated in APPPATH\Controllers\Admin\TicketController.php on line 31.
 1 SYSTEMPATH\CodeIgniter.php(906): App\Controllers\Admin\TicketController->__construct()
 2 SYSTEMPATH\CodeIgniter.php(490): CodeIgniter\CodeIgniter->createController()
 3 SYSTEMPATH\CodeIgniter.php(368): CodeIgniter\CodeIgniter->handleRequest(null, Object(Config\Cache), false)
 4 FCPATH\index.php(67): CodeIgniter\CodeIgniter->run()
 5 SYSTEMPATH\Commands\Server\rewrite.php(47): require_once('FCPATH\\index.php')
WARNING - 2023-06-15 22:38:23 --> [DEPRECATED] Creation of dynamic property App\Controllers\Admin\TicketController::$session is deprecated in APPPATH\Controllers\Admin\TicketController.php on line 32.
 1 SYSTEMPATH\CodeIgniter.php(906): App\Controllers\Admin\TicketController->__construct()
 2 SYSTEMPATH\CodeIgniter.php(490): CodeIgniter\CodeIgniter->createController()
 3 SYSTEMPATH\CodeIgniter.php(368): CodeIgniter\CodeIgniter->handleRequest(null, Object(Config\Cache), false)
 4 FCPATH\index.php(67): CodeIgniter\CodeIgniter->run()
 5 SYSTEMPATH\Commands\Server\rewrite.php(47): require_once('FCPATH\\index.php')
INFO - 2023-06-15 23:26:05 --> Session: Class initialized using 'CodeIgniter\Session\Handlers\FileHandler' driver.
WARNING - 2023-06-15 23:26:05 --> [DEPRECATED] Creation of dynamic property App\Controllers\Admin\TicketController::$db is deprecated in APPPATH\Controllers\Admin\TicketController.php on line 28.
 1 SYSTEMPATH\CodeIgniter.php(906): App\Controllers\Admin\TicketController->__construct()
 2 SYSTEMPATH\CodeIgniter.php(490): CodeIgniter\CodeIgniter->createController()
 3 SYSTEMPATH\CodeIgniter.php(368): CodeIgniter\CodeIgniter->handleRequest(null, Object(Config\Cache), false)
 4 FCPATH\index.php(67): CodeIgniter\CodeIgniter->run()
 5 SYSTEMPATH\Commands\Server\rewrite.php(47): require_once('FCPATH\\index.php')
WARNING - 2023-06-15 23:26:05 --> [DEPRECATED] Creation of dynamic property App\Controllers\Admin\TicketController::$areas is deprecated in APPPATH\Controllers\Admin\TicketController.php on line 31.
 1 SYSTEMPATH\CodeIgniter.php(906): App\Controllers\Admin\TicketController->__construct()
 2 SYSTEMPATH\CodeIgniter.php(490): CodeIgniter\CodeIgniter->createController()
 3 SYSTEMPATH\CodeIgniter.php(368): CodeIgniter\CodeIgniter->handleRequest(null, Object(Config\Cache), false)
 4 FCPATH\index.php(67): CodeIgniter\CodeIgniter->run()
 5 SYSTEMPATH\Commands\Server\rewrite.php(47): require_once('FCPATH\\index.php')
WARNING - 2023-06-15 23:26:05 --> [DEPRECATED] Creation of dynamic property App\Controllers\Admin\TicketController::$session is deprecated in APPPATH\Controllers\Admin\TicketController.php on line 32.
 1 SYSTEMPATH\CodeIgniter.php(906): App\Controllers\Admin\TicketController->__construct()
 2 SYSTEMPATH\CodeIgniter.php(490): CodeIgniter\CodeIgniter->createController()
 3 SYSTEMPATH\CodeIgniter.php(368): CodeIgniter\CodeIgniter->handleRequest(null, Object(Config\Cache), false)
 4 FCPATH\index.php(67): CodeIgniter\CodeIgniter->run()
 5 SYSTEMPATH\Commands\Server\rewrite.php(47): require_once('FCPATH\\index.php')
INFO - 2023-06-15 23:26:09 --> Session: Class initialized using 'CodeIgniter\Session\Handlers\FileHandler' driver.
WARNING - 2023-06-15 23:26:09 --> [DEPRECATED] Creation of dynamic property App\Controllers\Admin\TicketController::$db is deprecated in APPPATH\Controllers\Admin\TicketController.php on line 28.
 1 SYSTEMPATH\CodeIgniter.php(906): App\Controllers\Admin\TicketController->__construct()
 2 SYSTEMPATH\CodeIgniter.php(490): CodeIgniter\CodeIgniter->createController()
 3 SYSTEMPATH\CodeIgniter.php(368): CodeIgniter\CodeIgniter->handleRequest(null, Object(Config\Cache), false)
 4 FCPATH\index.php(67): CodeIgniter\CodeIgniter->run()
 5 SYSTEMPATH\Commands\Server\rewrite.php(47): require_once('FCPATH\\index.php')
WARNING - 2023-06-15 23:26:09 --> [DEPRECATED] Creation of dynamic property App\Controllers\Admin\TicketController::$areas is deprecated in APPPATH\Controllers\Admin\TicketController.php on line 31.
 1 SYSTEMPATH\CodeIgniter.php(906): App\Controllers\Admin\TicketController->__construct()
 2 SYSTEMPATH\CodeIgniter.php(490): CodeIgniter\CodeIgniter->createController()
 3 SYSTEMPATH\CodeIgniter.php(368): CodeIgniter\CodeIgniter->handleRequest(null, Object(Config\Cache), false)
 4 FCPATH\index.php(67): CodeIgniter\CodeIgniter->run()
 5 SYSTEMPATH\Commands\Server\rewrite.php(47): require_once('FCPATH\\index.php')
WARNING - 2023-06-15 23:26:09 --> [DEPRECATED] Creation of dynamic property App\Controllers\Admin\TicketController::$session is deprecated in APPPATH\Controllers\Admin\TicketController.php on line 32.
 1 SYSTEMPATH\CodeIgniter.php(906): App\Controllers\Admin\TicketController->__construct()
 2 SYSTEMPATH\CodeIgniter.php(490): CodeIgniter\CodeIgniter->createController()
 3 SYSTEMPATH\CodeIgniter.php(368): CodeIgniter\CodeIgniter->handleRequest(null, Object(Config\Cache), false)
 4 FCPATH\index.php(67): CodeIgniter\CodeIgniter->run()
 5 SYSTEMPATH\Commands\Server\rewrite.php(47): require_once('FCPATH\\index.php')
INFO - 2023-06-15 23:26:11 --> Session: Class initialized using 'CodeIgniter\Session\Handlers\FileHandler' driver.
WARNING - 2023-06-15 23:26:11 --> [DEPRECATED] Creation of dynamic property App\Controllers\Admin\TicketController::$db is deprecated in APPPATH\Controllers\Admin\TicketController.php on line 28.
 1 SYSTEMPATH\CodeIgniter.php(906): App\Controllers\Admin\TicketController->__construct()
 2 SYSTEMPATH\CodeIgniter.php(490): CodeIgniter\CodeIgniter->createController()
 3 SYSTEMPATH\CodeIgniter.php(368): CodeIgniter\CodeIgniter->handleRequest(null, Object(Config\Cache), false)
 4 FCPATH\index.php(67): CodeIgniter\CodeIgniter->run()
 5 SYSTEMPATH\Commands\Server\rewrite.php(47): require_once('FCPATH\\index.php')
WARNING - 2023-06-15 23:26:11 --> [DEPRECATED] Creation of dynamic property App\Controllers\Admin\TicketController::$areas is deprecated in APPPATH\Controllers\Admin\TicketController.php on line 31.
 1 SYSTEMPATH\CodeIgniter.php(906): App\Controllers\Admin\TicketController->__construct()
 2 SYSTEMPATH\CodeIgniter.php(490): CodeIgniter\CodeIgniter->createController()
 3 SYSTEMPATH\CodeIgniter.php(368): CodeIgniter\CodeIgniter->handleRequest(null, Object(Config\Cache), false)
 4 FCPATH\index.php(67): CodeIgniter\CodeIgniter->run()
 5 SYSTEMPATH\Commands\Server\rewrite.php(47): require_once('FCPATH\\index.php')
WARNING - 2023-06-15 23:26:11 --> [DEPRECATED] Creation of dynamic property App\Controllers\Admin\TicketController::$session is deprecated in APPPATH\Controllers\Admin\TicketController.php on line 32.
 1 SYSTEMPATH\CodeIgniter.php(906): App\Controllers\Admin\TicketController->__construct()
 2 SYSTEMPATH\CodeIgniter.php(490): CodeIgniter\CodeIgniter->createController()
 3 SYSTEMPATH\CodeIgniter.php(368): CodeIgniter\CodeIgniter->handleRequest(null, Object(Config\Cache), false)
 4 FCPATH\index.php(67): CodeIgniter\CodeIgniter->run()
 5 SYSTEMPATH\Commands\Server\rewrite.php(47): require_once('FCPATH\\index.php')
