ERROR - 2023-01-23 20:52:55 --> Error connecting to the database: mysqli_sql_exception: Access denied for user 'useradmin'@'localhost' (using password: YES) in F:\projects\itst\stickets6\system\Database\MySQLi\Connection.php:173
Stack trace:
#0 F:\projects\itst\stickets6\system\Database\MySQLi\Connection.php(173): mysqli->real_connect('localhost', 'useradmin', Object(SensitiveParameterValue), 'stickets6', 3306, '', 0)
#1 F:\projects\itst\stickets6\system\Database\BaseConnection.php(391): CodeIgniter\Database\MySQLi\Connection->connect(false)
#2 F:\projects\itst\stickets6\system\Database\BaseConnection.php(573): CodeIgniter\Database\BaseConnection->initialize()
#3 F:\projects\itst\stickets6\system\Database\BaseConnection.php(1408): CodeIgniter\Database\BaseConnection->query('SHOW TABLES FRO...')
#4 F:\projects\itst\stickets6\system\Database\BaseConnection.php(1427): CodeIgniter\Database\BaseConnection->listTables()
#5 F:\projects\itst\stickets6\system\Database\MigrationRunner.php(768): CodeIgniter\Database\BaseConnection->tableExists('migrations')
#6 F:\projects\itst\stickets6\system\Database\MigrationRunner.php(168): CodeIgniter\Database\MigrationRunner->ensureTable()
#7 F:\projects\itst\stickets6\system\Commands\Database\Migrate.php(84): CodeIgniter\Database\MigrationRunner->latest(NULL)
#8 F:\projects\itst\stickets6\system\CLI\Commands.php(65): CodeIgniter\Commands\Database\Migrate->run(Array)
#9 F:\projects\itst\stickets6\system\CLI\Console.php(37): CodeIgniter\CLI\Commands->run('migrate', Array)
#10 F:\projects\itst\stickets6\spark(97): CodeIgniter\CLI\Console->run()
#11 {main}

Next CodeIgniter\Database\Exceptions\DatabaseException: Access denied for user '****'@'localhost' (using password: YES) in F:\projects\itst\stickets6\system\Database\MySQLi\Connection.php:218
Stack trace:
#0 F:\projects\itst\stickets6\system\Database\BaseConnection.php(391): CodeIgniter\Database\MySQLi\Connection->connect(false)
#1 F:\projects\itst\stickets6\system\Database\BaseConnection.php(573): CodeIgniter\Database\BaseConnection->initialize()
#2 F:\projects\itst\stickets6\system\Database\BaseConnection.php(1408): CodeIgniter\Database\BaseConnection->query('SHOW TABLES FRO...')
#3 F:\projects\itst\stickets6\system\Database\BaseConnection.php(1427): CodeIgniter\Database\BaseConnection->listTables()
#4 F:\projects\itst\stickets6\system\Database\MigrationRunner.php(768): CodeIgniter\Database\BaseConnection->tableExists('migrations')
#5 F:\projects\itst\stickets6\system\Database\MigrationRunner.php(168): CodeIgniter\Database\MigrationRunner->ensureTable()
#6 F:\projects\itst\stickets6\system\Commands\Database\Migrate.php(84): CodeIgniter\Database\MigrationRunner->latest(NULL)
#7 F:\projects\itst\stickets6\system\CLI\Commands.php(65): CodeIgniter\Commands\Database\Migrate->run(Array)
#8 F:\projects\itst\stickets6\system\CLI\Console.php(37): CodeIgniter\CLI\Commands->run('migrate', Array)
#9 F:\projects\itst\stickets6\spark(97): CodeIgniter\CLI\Console->run()
#10 {main}
ERROR - 2023-01-23 20:53:06 --> Error connecting to the database: mysqli_sql_exception: Access denied for user 'useradmin'@'localhost' (using password: YES) in F:\projects\itst\stickets6\system\Database\MySQLi\Connection.php:173
Stack trace:
#0 F:\projects\itst\stickets6\system\Database\MySQLi\Connection.php(173): mysqli->real_connect('localhost', 'useradmin', Object(SensitiveParameterValue), 'stickets6', 3306, '', 0)
#1 F:\projects\itst\stickets6\system\Database\BaseConnection.php(391): CodeIgniter\Database\MySQLi\Connection->connect(false)
#2 F:\projects\itst\stickets6\system\Database\BaseConnection.php(573): CodeIgniter\Database\BaseConnection->initialize()
#3 F:\projects\itst\stickets6\system\Database\BaseConnection.php(1408): CodeIgniter\Database\BaseConnection->query('SHOW TABLES FRO...')
#4 F:\projects\itst\stickets6\system\Database\BaseConnection.php(1427): CodeIgniter\Database\BaseConnection->listTables()
#5 F:\projects\itst\stickets6\system\Database\MigrationRunner.php(768): CodeIgniter\Database\BaseConnection->tableExists('migrations')
#6 F:\projects\itst\stickets6\system\Database\MigrationRunner.php(168): CodeIgniter\Database\MigrationRunner->ensureTable()
#7 F:\projects\itst\stickets6\system\Commands\Database\Migrate.php(84): CodeIgniter\Database\MigrationRunner->latest(NULL)
#8 F:\projects\itst\stickets6\system\CLI\Commands.php(65): CodeIgniter\Commands\Database\Migrate->run(Array)
#9 F:\projects\itst\stickets6\system\CLI\Console.php(37): CodeIgniter\CLI\Commands->run('migrate', Array)
#10 F:\projects\itst\stickets6\spark(97): CodeIgniter\CLI\Console->run()
#11 {main}

Next CodeIgniter\Database\Exceptions\DatabaseException: Access denied for user '****'@'localhost' (using password: YES) in F:\projects\itst\stickets6\system\Database\MySQLi\Connection.php:218
Stack trace:
#0 F:\projects\itst\stickets6\system\Database\BaseConnection.php(391): CodeIgniter\Database\MySQLi\Connection->connect(false)
#1 F:\projects\itst\stickets6\system\Database\BaseConnection.php(573): CodeIgniter\Database\BaseConnection->initialize()
#2 F:\projects\itst\stickets6\system\Database\BaseConnection.php(1408): CodeIgniter\Database\BaseConnection->query('SHOW TABLES FRO...')
#3 F:\projects\itst\stickets6\system\Database\BaseConnection.php(1427): CodeIgniter\Database\BaseConnection->listTables()
#4 F:\projects\itst\stickets6\system\Database\MigrationRunner.php(768): CodeIgniter\Database\BaseConnection->tableExists('migrations')
#5 F:\projects\itst\stickets6\system\Database\MigrationRunner.php(168): CodeIgniter\Database\MigrationRunner->ensureTable()
#6 F:\projects\itst\stickets6\system\Commands\Database\Migrate.php(84): CodeIgniter\Database\MigrationRunner->latest(NULL)
#7 F:\projects\itst\stickets6\system\CLI\Commands.php(65): CodeIgniter\Commands\Database\Migrate->run(Array)
#8 F:\projects\itst\stickets6\system\CLI\Console.php(37): CodeIgniter\CLI\Commands->run('migrate', Array)
#9 F:\projects\itst\stickets6\spark(97): CodeIgniter\CLI\Console->run()
#10 {main}
ERROR - 2023-01-23 20:53:36 --> Error connecting to the database: mysqli_sql_exception: Access denied for user 'useradmin'@'localhost' (using password: YES) in F:\projects\itst\stickets6\system\Database\MySQLi\Connection.php:173
Stack trace:
#0 F:\projects\itst\stickets6\system\Database\MySQLi\Connection.php(173): mysqli->real_connect('localhost', 'useradmin', Object(SensitiveParameterValue), 'stickets6', 3306, '', 0)
#1 F:\projects\itst\stickets6\system\Database\BaseConnection.php(391): CodeIgniter\Database\MySQLi\Connection->connect(false)
#2 F:\projects\itst\stickets6\system\Database\BaseConnection.php(573): CodeIgniter\Database\BaseConnection->initialize()
#3 F:\projects\itst\stickets6\system\Database\BaseConnection.php(1408): CodeIgniter\Database\BaseConnection->query('SHOW TABLES FRO...')
#4 F:\projects\itst\stickets6\system\Database\BaseConnection.php(1427): CodeIgniter\Database\BaseConnection->listTables()
#5 F:\projects\itst\stickets6\system\Database\MigrationRunner.php(768): CodeIgniter\Database\BaseConnection->tableExists('migrations')
#6 F:\projects\itst\stickets6\system\Database\MigrationRunner.php(168): CodeIgniter\Database\MigrationRunner->ensureTable()
#7 F:\projects\itst\stickets6\system\Commands\Database\Migrate.php(84): CodeIgniter\Database\MigrationRunner->latest(NULL)
#8 F:\projects\itst\stickets6\system\CLI\Commands.php(65): CodeIgniter\Commands\Database\Migrate->run(Array)
#9 F:\projects\itst\stickets6\system\CLI\Console.php(37): CodeIgniter\CLI\Commands->run('migrate', Array)
#10 F:\projects\itst\stickets6\spark(97): CodeIgniter\CLI\Console->run()
#11 {main}

Next CodeIgniter\Database\Exceptions\DatabaseException: Access denied for user '****'@'localhost' (using password: YES) in F:\projects\itst\stickets6\system\Database\MySQLi\Connection.php:218
Stack trace:
#0 F:\projects\itst\stickets6\system\Database\BaseConnection.php(391): CodeIgniter\Database\MySQLi\Connection->connect(false)
#1 F:\projects\itst\stickets6\system\Database\BaseConnection.php(573): CodeIgniter\Database\BaseConnection->initialize()
#2 F:\projects\itst\stickets6\system\Database\BaseConnection.php(1408): CodeIgniter\Database\BaseConnection->query('SHOW TABLES FRO...')
#3 F:\projects\itst\stickets6\system\Database\BaseConnection.php(1427): CodeIgniter\Database\BaseConnection->listTables()
#4 F:\projects\itst\stickets6\system\Database\MigrationRunner.php(768): CodeIgniter\Database\BaseConnection->tableExists('migrations')
#5 F:\projects\itst\stickets6\system\Database\MigrationRunner.php(168): CodeIgniter\Database\MigrationRunner->ensureTable()
#6 F:\projects\itst\stickets6\system\Commands\Database\Migrate.php(84): CodeIgniter\Database\MigrationRunner->latest(NULL)
#7 F:\projects\itst\stickets6\system\CLI\Commands.php(65): CodeIgniter\Commands\Database\Migrate->run(Array)
#8 F:\projects\itst\stickets6\system\CLI\Console.php(37): CodeIgniter\CLI\Commands->run('migrate', Array)
#9 F:\projects\itst\stickets6\spark(97): CodeIgniter\CLI\Console->run()
#10 {main}
INFO - 2023-01-23 21:03:14 --> Session: Class initialized using 'CodeIgniter\Session\Handlers\FileHandler' driver.
INFO - 2023-01-23 21:03:28 --> Session: Class initialized using 'CodeIgniter\Session\Handlers\FileHandler' driver.
INFO - 2023-01-23 21:03:28 --> Session: Class initialized using 'CodeIgniter\Session\Handlers\FileHandler' driver.
INFO - 2023-01-23 21:03:33 --> Session: Class initialized using 'CodeIgniter\Session\Handlers\FileHandler' driver.
WARNING - 2023-01-23 21:03:33 --> [DEPRECATED] Creation of dynamic property App\Controllers\Admin\TicketController::$db is deprecated in APPPATH\Controllers\Admin\TicketController.php on line 26.
 1 SYSTEMPATH\CodeIgniter.php(906): App\Controllers\Admin\TicketController->__construct()
 2 SYSTEMPATH\CodeIgniter.php(490): CodeIgniter\CodeIgniter->createController()
 3 SYSTEMPATH\CodeIgniter.php(368): CodeIgniter\CodeIgniter->handleRequest(null, Object(Config\Cache), false)
 4 FCPATH\index.php(67): CodeIgniter\CodeIgniter->run()
 5 SYSTEMPATH\Commands\Server\rewrite.php(47): require_once('FCPATH\\index.php')
WARNING - 2023-01-23 21:03:33 --> [DEPRECATED] Creation of dynamic property App\Controllers\Admin\TicketController::$areas is deprecated in APPPATH\Controllers\Admin\TicketController.php on line 29.
 1 SYSTEMPATH\CodeIgniter.php(906): App\Controllers\Admin\TicketController->__construct()
 2 SYSTEMPATH\CodeIgniter.php(490): CodeIgniter\CodeIgniter->createController()
 3 SYSTEMPATH\CodeIgniter.php(368): CodeIgniter\CodeIgniter->handleRequest(null, Object(Config\Cache), false)
 4 FCPATH\index.php(67): CodeIgniter\CodeIgniter->run()
 5 SYSTEMPATH\Commands\Server\rewrite.php(47): require_once('FCPATH\\index.php')
WARNING - 2023-01-23 21:03:33 --> [DEPRECATED] Creation of dynamic property App\Controllers\Admin\TicketController::$session is deprecated in APPPATH\Controllers\Admin\TicketController.php on line 30.
 1 SYSTEMPATH\CodeIgniter.php(906): App\Controllers\Admin\TicketController->__construct()
 2 SYSTEMPATH\CodeIgniter.php(490): CodeIgniter\CodeIgniter->createController()
 3 SYSTEMPATH\CodeIgniter.php(368): CodeIgniter\CodeIgniter->handleRequest(null, Object(Config\Cache), false)
 4 FCPATH\index.php(67): CodeIgniter\CodeIgniter->run()
 5 SYSTEMPATH\Commands\Server\rewrite.php(47): require_once('FCPATH\\index.php')
INFO - 2023-01-23 21:04:54 --> Session: Class initialized using 'CodeIgniter\Session\Handlers\FileHandler' driver.
WARNING - 2023-01-23 21:04:54 --> [DEPRECATED] Creation of dynamic property App\Controllers\Admin\UsuariosController::$session is deprecated in APPPATH\Controllers\Admin\UsuariosController.php on line 23.
 1 SYSTEMPATH\CodeIgniter.php(906): App\Controllers\Admin\UsuariosController->__construct()
 2 SYSTEMPATH\CodeIgniter.php(490): CodeIgniter\CodeIgniter->createController()
 3 SYSTEMPATH\CodeIgniter.php(368): CodeIgniter\CodeIgniter->handleRequest(null, Object(Config\Cache), false)
 4 FCPATH\index.php(67): CodeIgniter\CodeIgniter->run()
 5 SYSTEMPATH\Commands\Server\rewrite.php(47): require_once('FCPATH\\index.php')
INFO - 2023-01-23 21:05:37 --> Session: Class initialized using 'CodeIgniter\Session\Handlers\FileHandler' driver.
WARNING - 2023-01-23 21:05:37 --> [DEPRECATED] Creation of dynamic property App\Controllers\Admin\UsuariosController::$session is deprecated in APPPATH\Controllers\Admin\UsuariosController.php on line 23.
 1 SYSTEMPATH\CodeIgniter.php(906): App\Controllers\Admin\UsuariosController->__construct()
 2 SYSTEMPATH\CodeIgniter.php(490): CodeIgniter\CodeIgniter->createController()
 3 SYSTEMPATH\CodeIgniter.php(368): CodeIgniter\CodeIgniter->handleRequest(null, Object(Config\Cache), false)
 4 FCPATH\index.php(67): CodeIgniter\CodeIgniter->run()
 5 SYSTEMPATH\Commands\Server\rewrite.php(47): require_once('FCPATH\\index.php')
INFO - 2023-01-23 21:06:23 --> Session: Class initialized using 'CodeIgniter\Session\Handlers\FileHandler' driver.
WARNING - 2023-01-23 21:06:23 --> [DEPRECATED] Creation of dynamic property App\Controllers\Admin\UsuariosController::$session is deprecated in APPPATH\Controllers\Admin\UsuariosController.php on line 23.
 1 SYSTEMPATH\CodeIgniter.php(906): App\Controllers\Admin\UsuariosController->__construct()
 2 SYSTEMPATH\CodeIgniter.php(490): CodeIgniter\CodeIgniter->createController()
 3 SYSTEMPATH\CodeIgniter.php(368): CodeIgniter\CodeIgniter->handleRequest(null, Object(Config\Cache), false)
 4 FCPATH\index.php(67): CodeIgniter\CodeIgniter->run()
 5 SYSTEMPATH\Commands\Server\rewrite.php(47): require_once('FCPATH\\index.php')
INFO - 2023-01-23 21:07:34 --> Session: Class initialized using 'CodeIgniter\Session\Handlers\FileHandler' driver.
WARNING - 2023-01-23 21:07:34 --> [DEPRECATED] Creation of dynamic property App\Controllers\Admin\UsuariosController::$session is deprecated in APPPATH\Controllers\Admin\UsuariosController.php on line 23.
 1 SYSTEMPATH\CodeIgniter.php(906): App\Controllers\Admin\UsuariosController->__construct()
 2 SYSTEMPATH\CodeIgniter.php(490): CodeIgniter\CodeIgniter->createController()
 3 SYSTEMPATH\CodeIgniter.php(368): CodeIgniter\CodeIgniter->handleRequest(null, Object(Config\Cache), false)
 4 FCPATH\index.php(67): CodeIgniter\CodeIgniter->run()
 5 SYSTEMPATH\Commands\Server\rewrite.php(47): require_once('FCPATH\\index.php')
INFO - 2023-01-23 21:08:05 --> Session: Class initialized using 'CodeIgniter\Session\Handlers\FileHandler' driver.
WARNING - 2023-01-23 21:08:05 --> [DEPRECATED] Creation of dynamic property App\Controllers\Admin\UsuariosController::$session is deprecated in APPPATH\Controllers\Admin\UsuariosController.php on line 23.
 1 SYSTEMPATH\CodeIgniter.php(906): App\Controllers\Admin\UsuariosController->__construct()
 2 SYSTEMPATH\CodeIgniter.php(490): CodeIgniter\CodeIgniter->createController()
 3 SYSTEMPATH\CodeIgniter.php(368): CodeIgniter\CodeIgniter->handleRequest(null, Object(Config\Cache), false)
 4 FCPATH\index.php(67): CodeIgniter\CodeIgniter->run()
 5 SYSTEMPATH\Commands\Server\rewrite.php(47): require_once('FCPATH\\index.php')
INFO - 2023-01-23 21:08:21 --> Session: Class initialized using 'CodeIgniter\Session\Handlers\FileHandler' driver.
WARNING - 2023-01-23 21:08:21 --> [DEPRECATED] Creation of dynamic property App\Controllers\Admin\UsuariosController::$session is deprecated in APPPATH\Controllers\Admin\UsuariosController.php on line 23.
 1 SYSTEMPATH\CodeIgniter.php(906): App\Controllers\Admin\UsuariosController->__construct()
 2 SYSTEMPATH\CodeIgniter.php(490): CodeIgniter\CodeIgniter->createController()
 3 SYSTEMPATH\CodeIgniter.php(368): CodeIgniter\CodeIgniter->handleRequest(null, Object(Config\Cache), false)
 4 FCPATH\index.php(67): CodeIgniter\CodeIgniter->run()
 5 SYSTEMPATH\Commands\Server\rewrite.php(47): require_once('FCPATH\\index.php')
CRITICAL - 2023-01-23 21:08:21 --> Attempt to read property "nombrearea" on array
in APPPATH\Views\admin\usuarios\edit.php on line 148.
 1 APPPATH\Views\admin\usuarios\edit.php(148): CodeIgniter\Debug\Exceptions->errorHandler(2, 'Attempt to read property "nombrearea" on array', 'APPPATH\\Views\\admin\\usuarios\\edit.php', 148)
 2 SYSTEMPATH\View\View.php(213): include('APPPATH\\Views\\admin\\usuarios\\edit.php')
 3 SYSTEMPATH\View\View.php(216): CodeIgniter\View\View->CodeIgniter\View\{closure}()
 4 SYSTEMPATH\Common.php(1177): CodeIgniter\View\View->render('admin/usuarios/edit', [], true)
 5 APPPATH\Controllers\Admin\UsuariosController.php(146): view('admin/usuarios/edit', [...])
 6 SYSTEMPATH\CodeIgniter.php(934): App\Controllers\Admin\UsuariosController->edit('2')
 7 SYSTEMPATH\CodeIgniter.php(499): CodeIgniter\CodeIgniter->runController(Object(App\Controllers\Admin\UsuariosController))
 8 SYSTEMPATH\CodeIgniter.php(368): CodeIgniter\CodeIgniter->handleRequest(null, Object(Config\Cache), false)
 9 FCPATH\index.php(67): CodeIgniter\CodeIgniter->run()
10 SYSTEMPATH\Commands\Server\rewrite.php(47): require_once('FCPATH\\index.php')
INFO - 2023-01-23 21:13:14 --> Session: Class initialized using 'CodeIgniter\Session\Handlers\FileHandler' driver.
WARNING - 2023-01-23 21:13:14 --> [DEPRECATED] Creation of dynamic property App\Controllers\Admin\UsuariosController::$session is deprecated in APPPATH\Controllers\Admin\UsuariosController.php on line 23.
 1 SYSTEMPATH\CodeIgniter.php(906): App\Controllers\Admin\UsuariosController->__construct()
 2 SYSTEMPATH\CodeIgniter.php(490): CodeIgniter\CodeIgniter->createController()
 3 SYSTEMPATH\CodeIgniter.php(368): CodeIgniter\CodeIgniter->handleRequest(null, Object(Config\Cache), false)
 4 FCPATH\index.php(67): CodeIgniter\CodeIgniter->run()
 5 SYSTEMPATH\Commands\Server\rewrite.php(47): require_once('FCPATH\\index.php')
CRITICAL - 2023-01-23 21:13:14 --> Attempt to read property "nombrearea" on array
in APPPATH\Views\admin\usuarios\edit.php on line 148.
 1 APPPATH\Views\admin\usuarios\edit.php(148): CodeIgniter\Debug\Exceptions->errorHandler(2, 'Attempt to read property "nombrearea" on array', 'APPPATH\\Views\\admin\\usuarios\\edit.php', 148)
 2 SYSTEMPATH\View\View.php(213): include('APPPATH\\Views\\admin\\usuarios\\edit.php')
 3 SYSTEMPATH\View\View.php(216): CodeIgniter\View\View->CodeIgniter\View\{closure}()
 4 SYSTEMPATH\Common.php(1177): CodeIgniter\View\View->render('admin/usuarios/edit', [], true)
 5 APPPATH\Controllers\Admin\UsuariosController.php(146): view('admin/usuarios/edit', [...])
 6 SYSTEMPATH\CodeIgniter.php(934): App\Controllers\Admin\UsuariosController->edit('2')
 7 SYSTEMPATH\CodeIgniter.php(499): CodeIgniter\CodeIgniter->runController(Object(App\Controllers\Admin\UsuariosController))
 8 SYSTEMPATH\CodeIgniter.php(368): CodeIgniter\CodeIgniter->handleRequest(null, Object(Config\Cache), false)
 9 FCPATH\index.php(67): CodeIgniter\CodeIgniter->run()
10 SYSTEMPATH\Commands\Server\rewrite.php(47): require_once('FCPATH\\index.php')
INFO - 2023-01-23 21:14:27 --> Session: Class initialized using 'CodeIgniter\Session\Handlers\FileHandler' driver.
WARNING - 2023-01-23 21:14:27 --> [DEPRECATED] Creation of dynamic property App\Controllers\Admin\UsuariosController::$session is deprecated in APPPATH\Controllers\Admin\UsuariosController.php on line 23.
 1 SYSTEMPATH\CodeIgniter.php(906): App\Controllers\Admin\UsuariosController->__construct()
 2 SYSTEMPATH\CodeIgniter.php(490): CodeIgniter\CodeIgniter->createController()
 3 SYSTEMPATH\CodeIgniter.php(368): CodeIgniter\CodeIgniter->handleRequest(null, Object(Config\Cache), false)
 4 FCPATH\index.php(67): CodeIgniter\CodeIgniter->run()
 5 SYSTEMPATH\Commands\Server\rewrite.php(47): require_once('FCPATH\\index.php')
CRITICAL - 2023-01-23 21:14:27 --> Undefined array key "nombrearea"
in APPPATH\Views\admin\usuarios\edit.php on line 148.
 1 APPPATH\Views\admin\usuarios\edit.php(148): CodeIgniter\Debug\Exceptions->errorHandler(2, 'Undefined array key "nombrearea"', 'APPPATH\\Views\\admin\\usuarios\\edit.php', 148)
 2 SYSTEMPATH\View\View.php(213): include('APPPATH\\Views\\admin\\usuarios\\edit.php')
 3 SYSTEMPATH\View\View.php(216): CodeIgniter\View\View->CodeIgniter\View\{closure}()
 4 SYSTEMPATH\Common.php(1177): CodeIgniter\View\View->render('admin/usuarios/edit', [], true)
 5 APPPATH\Controllers\Admin\UsuariosController.php(146): view('admin/usuarios/edit', [...])
 6 SYSTEMPATH\CodeIgniter.php(934): App\Controllers\Admin\UsuariosController->edit('2')
 7 SYSTEMPATH\CodeIgniter.php(499): CodeIgniter\CodeIgniter->runController(Object(App\Controllers\Admin\UsuariosController))
 8 SYSTEMPATH\CodeIgniter.php(368): CodeIgniter\CodeIgniter->handleRequest(null, Object(Config\Cache), false)
 9 FCPATH\index.php(67): CodeIgniter\CodeIgniter->run()
10 SYSTEMPATH\Commands\Server\rewrite.php(47): require_once('FCPATH\\index.php')
INFO - 2023-01-23 21:16:43 --> Session: Class initialized using 'CodeIgniter\Session\Handlers\FileHandler' driver.
WARNING - 2023-01-23 21:16:43 --> [DEPRECATED] Creation of dynamic property App\Controllers\Admin\UsuariosController::$session is deprecated in APPPATH\Controllers\Admin\UsuariosController.php on line 23.
 1 SYSTEMPATH\CodeIgniter.php(906): App\Controllers\Admin\UsuariosController->__construct()
 2 SYSTEMPATH\CodeIgniter.php(490): CodeIgniter\CodeIgniter->createController()
 3 SYSTEMPATH\CodeIgniter.php(368): CodeIgniter\CodeIgniter->handleRequest(null, Object(Config\Cache), false)
 4 FCPATH\index.php(67): CodeIgniter\CodeIgniter->run()
 5 SYSTEMPATH\Commands\Server\rewrite.php(47): require_once('FCPATH\\index.php')
CRITICAL - 2023-01-23 21:16:43 --> Attempt to read property "area" on array
in APPPATH\Views\admin\usuarios\edit.php on line 148.
 1 APPPATH\Views\admin\usuarios\edit.php(148): CodeIgniter\Debug\Exceptions->errorHandler(2, 'Attempt to read property "area" on array', 'APPPATH\\Views\\admin\\usuarios\\edit.php', 148)
 2 SYSTEMPATH\View\View.php(213): include('APPPATH\\Views\\admin\\usuarios\\edit.php')
 3 SYSTEMPATH\View\View.php(216): CodeIgniter\View\View->CodeIgniter\View\{closure}()
 4 SYSTEMPATH\Common.php(1177): CodeIgniter\View\View->render('admin/usuarios/edit', [], true)
 5 APPPATH\Controllers\Admin\UsuariosController.php(146): view('admin/usuarios/edit', [...])
 6 SYSTEMPATH\CodeIgniter.php(934): App\Controllers\Admin\UsuariosController->edit('2')
 7 SYSTEMPATH\CodeIgniter.php(499): CodeIgniter\CodeIgniter->runController(Object(App\Controllers\Admin\UsuariosController))
 8 SYSTEMPATH\CodeIgniter.php(368): CodeIgniter\CodeIgniter->handleRequest(null, Object(Config\Cache), false)
 9 FCPATH\index.php(67): CodeIgniter\CodeIgniter->run()
10 SYSTEMPATH\Commands\Server\rewrite.php(47): require_once('FCPATH\\index.php')
