INFO - 2023-06-23 09:01:20 --> Session: Class initialized using 'CodeIgniter\Session\Handlers\FileHandler' driver.
INFO - 2023-06-23 09:01:31 --> Session: Class initialized using 'CodeIgniter\Session\Handlers\FileHandler' driver.
ERROR - 2023-06-23 09:01:31 --> Error connecting to the database: mysqli_sql_exception: Unknown database 'tickets' in E:\proyectos\tickets\system\Database\MySQLi\Connection.php:173
Stack trace:
#0 E:\proyectos\tickets\system\Database\MySQLi\Connection.php(173): mysqli->real_connect('localhost', 'root', Object(SensitiveParameterValue), 'tickets', 3306, '', 0)
#1 E:\proyectos\tickets\system\Database\BaseConnection.php(391): CodeIgniter\Database\MySQLi\Connection->connect(false)
#2 E:\proyectos\tickets\system\Database\BaseConnection.php(573): CodeIgniter\Database\BaseConnection->initialize()
#3 E:\proyectos\tickets\system\Database\BaseBuilder.php(1602): CodeIgniter\Database\BaseConnection->query('SELECT *\nFROM `...', Array, false)
#4 E:\proyectos\tickets\system\Model.php(267): CodeIgniter\Database\BaseBuilder->get()
#5 E:\proyectos\tickets\system\BaseModel.php(656): CodeIgniter\Model->doFirst()
#6 E:\proyectos\tickets\app\Validation\Userrules.php(12): CodeIgniter\BaseModel->first()
#7 E:\proyectos\tickets\system\Validation\Validation.php(312): App\Validation\Userrules->validateUser('12345678', 'email,password', Array, NULL, 'password')
#8 E:\proyectos\tickets\system\Validation\Validation.php(170): CodeIgniter\Validation\Validation->processRules('password', 'password', '12345678', Array, Array)
#9 E:\proyectos\tickets\system\Controller.php(140): CodeIgniter\Validation\Validation->run()
#10 E:\proyectos\tickets\app\Controllers\UserController.php(27): CodeIgniter\Controller->validate(Array, Array)
#11 E:\proyectos\tickets\system\CodeIgniter.php(934): App\Controllers\UserController->login()
#12 E:\proyectos\tickets\system\CodeIgniter.php(499): CodeIgniter\CodeIgniter->runController(Object(App\Controllers\UserController))
#13 E:\proyectos\tickets\system\CodeIgniter.php(368): CodeIgniter\CodeIgniter->handleRequest(NULL, Object(Config\Cache), false)
#14 E:\proyectos\tickets\public\index.php(67): CodeIgniter\CodeIgniter->run()
#15 E:\proyectos\tickets\system\Commands\Server\rewrite.php(47): require_once('E:\\proyectos\\ti...')
#16 {main}

Next CodeIgniter\Database\Exceptions\DatabaseException: Unknown database 'tickets' in E:\proyectos\tickets\system\Database\MySQLi\Connection.php:218
Stack trace:
#0 E:\proyectos\tickets\system\Database\BaseConnection.php(391): CodeIgniter\Database\MySQLi\Connection->connect(false)
#1 E:\proyectos\tickets\system\Database\BaseConnection.php(573): CodeIgniter\Database\BaseConnection->initialize()
#2 E:\proyectos\tickets\system\Database\BaseBuilder.php(1602): CodeIgniter\Database\BaseConnection->query('SELECT *\nFROM `...', Array, false)
#3 E:\proyectos\tickets\system\Model.php(267): CodeIgniter\Database\BaseBuilder->get()
#4 E:\proyectos\tickets\system\BaseModel.php(656): CodeIgniter\Model->doFirst()
#5 E:\proyectos\tickets\app\Validation\Userrules.php(12): CodeIgniter\BaseModel->first()
#6 E:\proyectos\tickets\system\Validation\Validation.php(312): App\Validation\Userrules->validateUser('12345678', 'email,password', Array, NULL, 'password')
#7 E:\proyectos\tickets\system\Validation\Validation.php(170): CodeIgniter\Validation\Validation->processRules('password', 'password', '12345678', Array, Array)
#8 E:\proyectos\tickets\system\Controller.php(140): CodeIgniter\Validation\Validation->run()
#9 E:\proyectos\tickets\app\Controllers\UserController.php(27): CodeIgniter\Controller->validate(Array, Array)
#10 E:\proyectos\tickets\system\CodeIgniter.php(934): App\Controllers\UserController->login()
#11 E:\proyectos\tickets\system\CodeIgniter.php(499): CodeIgniter\CodeIgniter->runController(Object(App\Controllers\UserController))
#12 E:\proyectos\tickets\system\CodeIgniter.php(368): CodeIgniter\CodeIgniter->handleRequest(NULL, Object(Config\Cache), false)
#13 E:\proyectos\tickets\public\index.php(67): CodeIgniter\CodeIgniter->run()
#14 E:\proyectos\tickets\system\Commands\Server\rewrite.php(47): require_once('E:\\proyectos\\ti...')
#15 {main}
CRITICAL - 2023-06-23 09:01:31 --> Unable to connect to the database.
Main connection [MySQLi]: Unknown database 'tickets'
in SYSTEMPATH\Database\BaseConnection.php on line 427.
 1 SYSTEMPATH\Database\BaseConnection.php(573): CodeIgniter\Database\BaseConnection->initialize()
 2 SYSTEMPATH\Database\BaseBuilder.php(1602): CodeIgniter\Database\BaseConnection->query('SELECT *
FROM `users`
WHERE `email` = :email:
 LIMIT 1', [...], false)
 3 SYSTEMPATH\Model.php(267): CodeIgniter\Database\BaseBuilder->get()
 4 SYSTEMPATH\BaseModel.php(656): CodeIgniter\Model->doFirst()
 5 APPPATH\Validation\Userrules.php(12): CodeIgniter\BaseModel->first()
 6 SYSTEMPATH\Validation\Validation.php(312): App\Validation\Userrules->validateUser('12345678', 'email,password', [...], null, 'password')
 7 SYSTEMPATH\Validation\Validation.php(170): CodeIgniter\Validation\Validation->processRules('password', 'password', '12345678', [...], [...])
 8 SYSTEMPATH\Controller.php(140): CodeIgniter\Validation\Validation->run()
 9 APPPATH\Controllers\UserController.php(27): CodeIgniter\Controller->validate([...], [...])
10 SYSTEMPATH\CodeIgniter.php(934): App\Controllers\UserController->login()
11 SYSTEMPATH\CodeIgniter.php(499): CodeIgniter\CodeIgniter->runController(Object(App\Controllers\UserController))
12 SYSTEMPATH\CodeIgniter.php(368): CodeIgniter\CodeIgniter->handleRequest(null, Object(Config\Cache), false)
13 FCPATH\index.php(67): CodeIgniter\CodeIgniter->run()
14 SYSTEMPATH\Commands\Server\rewrite.php(47): require_once('FCPATH\\index.php')
ERROR - 2023-06-23 09:06:40 --> Error connecting to the database: mysqli_sql_exception: Unknown database 'tickets' in E:\proyectos\tickets\system\Database\MySQLi\Connection.php:173
Stack trace:
#0 E:\proyectos\tickets\system\Database\MySQLi\Connection.php(173): mysqli->real_connect('localhost', 'root', Object(SensitiveParameterValue), 'tickets', 3306, '', 0)
#1 E:\proyectos\tickets\system\Database\BaseConnection.php(391): CodeIgniter\Database\MySQLi\Connection->connect(false)
#2 E:\proyectos\tickets\system\Database\Database.php(67): CodeIgniter\Database\BaseConnection->initialize()
#3 E:\proyectos\tickets\system\Database\Config.php(109): CodeIgniter\Database\Database->loadForge(Object(CodeIgniter\Database\MySQLi\Connection))
#4 E:\proyectos\tickets\system\Database\Seeder.php(97): CodeIgniter\Database\Config::forge(NULL)
#5 E:\proyectos\tickets\system\Commands\Database\Seed.php(69): CodeIgniter\Database\Seeder->__construct(Object(Config\Database))
#6 E:\proyectos\tickets\system\CLI\Commands.php(65): CodeIgniter\Commands\Database\Seed->run(Array)
#7 E:\proyectos\tickets\system\CLI\Console.php(37): CodeIgniter\CLI\Commands->run('db:seed', Array)
#8 E:\proyectos\tickets\spark(97): CodeIgniter\CLI\Console->run()
#9 {main}

Next CodeIgniter\Database\Exceptions\DatabaseException: Unknown database 'tickets' in E:\proyectos\tickets\system\Database\MySQLi\Connection.php:218
Stack trace:
#0 E:\proyectos\tickets\system\Database\BaseConnection.php(391): CodeIgniter\Database\MySQLi\Connection->connect(false)
#1 E:\proyectos\tickets\system\Database\Database.php(67): CodeIgniter\Database\BaseConnection->initialize()
#2 E:\proyectos\tickets\system\Database\Config.php(109): CodeIgniter\Database\Database->loadForge(Object(CodeIgniter\Database\MySQLi\Connection))
#3 E:\proyectos\tickets\system\Database\Seeder.php(97): CodeIgniter\Database\Config::forge(NULL)
#4 E:\proyectos\tickets\system\Commands\Database\Seed.php(69): CodeIgniter\Database\Seeder->__construct(Object(Config\Database))
#5 E:\proyectos\tickets\system\CLI\Commands.php(65): CodeIgniter\Commands\Database\Seed->run(Array)
#6 E:\proyectos\tickets\system\CLI\Console.php(37): CodeIgniter\CLI\Commands->run('db:seed', Array)
#7 E:\proyectos\tickets\spark(97): CodeIgniter\CLI\Console->run()
#8 {main}
CRITICAL - 2023-06-23 09:06:40 --> Unable to connect to the database.
Main connection [MySQLi]: Unknown database 'tickets'
in SYSTEMPATH\Database\BaseConnection.php on line 427.
 1 SYSTEMPATH\Database\Database.php(67): CodeIgniter\Database\BaseConnection->initialize()
 2 SYSTEMPATH\Database\Config.php(109): CodeIgniter\Database\Database->loadForge(Object(CodeIgniter\Database\MySQLi\Connection))
 3 SYSTEMPATH\Database\Seeder.php(97): CodeIgniter\Database\Config::forge(null)
 4 SYSTEMPATH\Commands\Database\Seed.php(69): CodeIgniter\Database\Seeder->__construct(Object(Config\Database))
 5 SYSTEMPATH\CLI\Commands.php(65): CodeIgniter\Commands\Database\Seed->run([...])
 6 SYSTEMPATH\CLI\Console.php(37): CodeIgniter\CLI\Commands->run('db:seed', [...])
 7 ROOTPATH\spark(97): CodeIgniter\CLI\Console->run()
INFO - 2023-06-23 09:29:31 --> Session: Class initialized using 'CodeIgniter\Session\Handlers\FileHandler' driver.
ERROR - 2023-06-23 09:29:31 --> Error connecting to the database: mysqli_sql_exception: Unknown database 'tickets' in E:\proyectos\tickets\system\Database\MySQLi\Connection.php:173
Stack trace:
#0 E:\proyectos\tickets\system\Database\MySQLi\Connection.php(173): mysqli->real_connect('localhost', 'root', Object(SensitiveParameterValue), 'tickets', 3306, '', 0)
#1 E:\proyectos\tickets\system\Database\BaseConnection.php(391): CodeIgniter\Database\MySQLi\Connection->connect(false)
#2 E:\proyectos\tickets\system\Database\BaseConnection.php(573): CodeIgniter\Database\BaseConnection->initialize()
#3 E:\proyectos\tickets\system\Database\BaseBuilder.php(1602): CodeIgniter\Database\BaseConnection->query('SELECT *\nFROM `...', Array, false)
#4 E:\proyectos\tickets\system\Model.php(267): CodeIgniter\Database\BaseBuilder->get()
#5 E:\proyectos\tickets\system\BaseModel.php(656): CodeIgniter\Model->doFirst()
#6 E:\proyectos\tickets\app\Validation\Userrules.php(12): CodeIgniter\BaseModel->first()
#7 E:\proyectos\tickets\system\Validation\Validation.php(312): App\Validation\Userrules->validateUser('12345678', 'email,password', Array, NULL, 'password')
#8 E:\proyectos\tickets\system\Validation\Validation.php(170): CodeIgniter\Validation\Validation->processRules('password', 'password', '12345678', Array, Array)
#9 E:\proyectos\tickets\system\Controller.php(140): CodeIgniter\Validation\Validation->run()
#10 E:\proyectos\tickets\app\Controllers\UserController.php(27): CodeIgniter\Controller->validate(Array, Array)
#11 E:\proyectos\tickets\system\CodeIgniter.php(934): App\Controllers\UserController->login()
#12 E:\proyectos\tickets\system\CodeIgniter.php(499): CodeIgniter\CodeIgniter->runController(Object(App\Controllers\UserController))
#13 E:\proyectos\tickets\system\CodeIgniter.php(368): CodeIgniter\CodeIgniter->handleRequest(NULL, Object(Config\Cache), false)
#14 E:\proyectos\tickets\public\index.php(67): CodeIgniter\CodeIgniter->run()
#15 E:\proyectos\tickets\system\Commands\Server\rewrite.php(47): require_once('E:\\proyectos\\ti...')
#16 {main}

Next CodeIgniter\Database\Exceptions\DatabaseException: Unknown database 'tickets' in E:\proyectos\tickets\system\Database\MySQLi\Connection.php:218
Stack trace:
#0 E:\proyectos\tickets\system\Database\BaseConnection.php(391): CodeIgniter\Database\MySQLi\Connection->connect(false)
#1 E:\proyectos\tickets\system\Database\BaseConnection.php(573): CodeIgniter\Database\BaseConnection->initialize()
#2 E:\proyectos\tickets\system\Database\BaseBuilder.php(1602): CodeIgniter\Database\BaseConnection->query('SELECT *\nFROM `...', Array, false)
#3 E:\proyectos\tickets\system\Model.php(267): CodeIgniter\Database\BaseBuilder->get()
#4 E:\proyectos\tickets\system\BaseModel.php(656): CodeIgniter\Model->doFirst()
#5 E:\proyectos\tickets\app\Validation\Userrules.php(12): CodeIgniter\BaseModel->first()
#6 E:\proyectos\tickets\system\Validation\Validation.php(312): App\Validation\Userrules->validateUser('12345678', 'email,password', Array, NULL, 'password')
#7 E:\proyectos\tickets\system\Validation\Validation.php(170): CodeIgniter\Validation\Validation->processRules('password', 'password', '12345678', Array, Array)
#8 E:\proyectos\tickets\system\Controller.php(140): CodeIgniter\Validation\Validation->run()
#9 E:\proyectos\tickets\app\Controllers\UserController.php(27): CodeIgniter\Controller->validate(Array, Array)
#10 E:\proyectos\tickets\system\CodeIgniter.php(934): App\Controllers\UserController->login()
#11 E:\proyectos\tickets\system\CodeIgniter.php(499): CodeIgniter\CodeIgniter->runController(Object(App\Controllers\UserController))
#12 E:\proyectos\tickets\system\CodeIgniter.php(368): CodeIgniter\CodeIgniter->handleRequest(NULL, Object(Config\Cache), false)
#13 E:\proyectos\tickets\public\index.php(67): CodeIgniter\CodeIgniter->run()
#14 E:\proyectos\tickets\system\Commands\Server\rewrite.php(47): require_once('E:\\proyectos\\ti...')
#15 {main}
CRITICAL - 2023-06-23 09:29:31 --> Unable to connect to the database.
Main connection [MySQLi]: Unknown database 'tickets'
in SYSTEMPATH\Database\BaseConnection.php on line 427.
 1 SYSTEMPATH\Database\BaseConnection.php(573): CodeIgniter\Database\BaseConnection->initialize()
 2 SYSTEMPATH\Database\BaseBuilder.php(1602): CodeIgniter\Database\BaseConnection->query('SELECT *
FROM `users`
WHERE `email` = :email:
 LIMIT 1', [...], false)
 3 SYSTEMPATH\Model.php(267): CodeIgniter\Database\BaseBuilder->get()
 4 SYSTEMPATH\BaseModel.php(656): CodeIgniter\Model->doFirst()
 5 APPPATH\Validation\Userrules.php(12): CodeIgniter\BaseModel->first()
 6 SYSTEMPATH\Validation\Validation.php(312): App\Validation\Userrules->validateUser('12345678', 'email,password', [...], null, 'password')
 7 SYSTEMPATH\Validation\Validation.php(170): CodeIgniter\Validation\Validation->processRules('password', 'password', '12345678', [...], [...])
 8 SYSTEMPATH\Controller.php(140): CodeIgniter\Validation\Validation->run()
 9 APPPATH\Controllers\UserController.php(27): CodeIgniter\Controller->validate([...], [...])
10 SYSTEMPATH\CodeIgniter.php(934): App\Controllers\UserController->login()
11 SYSTEMPATH\CodeIgniter.php(499): CodeIgniter\CodeIgniter->runController(Object(App\Controllers\UserController))
12 SYSTEMPATH\CodeIgniter.php(368): CodeIgniter\CodeIgniter->handleRequest(null, Object(Config\Cache), false)
13 FCPATH\index.php(67): CodeIgniter\CodeIgniter->run()
14 SYSTEMPATH\Commands\Server\rewrite.php(47): require_once('FCPATH\\index.php')
INFO - 2023-06-23 10:33:00 --> Session: Class initialized using 'CodeIgniter\Session\Handlers\FileHandler' driver.
INFO - 2023-06-23 10:33:11 --> Session: Class initialized using 'CodeIgniter\Session\Handlers\FileHandler' driver.
INFO - 2023-06-23 10:33:11 --> Session: Class initialized using 'CodeIgniter\Session\Handlers\FileHandler' driver.
INFO - 2023-06-23 10:33:18 --> Session: Class initialized using 'CodeIgniter\Session\Handlers\FileHandler' driver.
WARNING - 2023-06-23 10:33:18 --> [DEPRECATED] Creation of dynamic property App\Controllers\Admin\TicketController::$db is deprecated in APPPATH\Controllers\Admin\TicketController.php on line 28.
 1 SYSTEMPATH\CodeIgniter.php(906): App\Controllers\Admin\TicketController->__construct()
 2 SYSTEMPATH\CodeIgniter.php(490): CodeIgniter\CodeIgniter->createController()
 3 SYSTEMPATH\CodeIgniter.php(368): CodeIgniter\CodeIgniter->handleRequest(null, Object(Config\Cache), false)
 4 FCPATH\index.php(67): CodeIgniter\CodeIgniter->run()
 5 SYSTEMPATH\Commands\Server\rewrite.php(47): require_once('FCPATH\\index.php')
WARNING - 2023-06-23 10:33:18 --> [DEPRECATED] Creation of dynamic property App\Controllers\Admin\TicketController::$areas is deprecated in APPPATH\Controllers\Admin\TicketController.php on line 31.
 1 SYSTEMPATH\CodeIgniter.php(906): App\Controllers\Admin\TicketController->__construct()
 2 SYSTEMPATH\CodeIgniter.php(490): CodeIgniter\CodeIgniter->createController()
 3 SYSTEMPATH\CodeIgniter.php(368): CodeIgniter\CodeIgniter->handleRequest(null, Object(Config\Cache), false)
 4 FCPATH\index.php(67): CodeIgniter\CodeIgniter->run()
 5 SYSTEMPATH\Commands\Server\rewrite.php(47): require_once('FCPATH\\index.php')
WARNING - 2023-06-23 10:33:18 --> [DEPRECATED] Creation of dynamic property App\Controllers\Admin\TicketController::$session is deprecated in APPPATH\Controllers\Admin\TicketController.php on line 32.
 1 SYSTEMPATH\CodeIgniter.php(906): App\Controllers\Admin\TicketController->__construct()
 2 SYSTEMPATH\CodeIgniter.php(490): CodeIgniter\CodeIgniter->createController()
 3 SYSTEMPATH\CodeIgniter.php(368): CodeIgniter\CodeIgniter->handleRequest(null, Object(Config\Cache), false)
 4 FCPATH\index.php(67): CodeIgniter\CodeIgniter->run()
 5 SYSTEMPATH\Commands\Server\rewrite.php(47): require_once('FCPATH\\index.php')
INFO - 2023-06-23 10:33:24 --> Session: Class initialized using 'CodeIgniter\Session\Handlers\FileHandler' driver.
WARNING - 2023-06-23 10:33:24 --> [DEPRECATED] Creation of dynamic property App\Controllers\Admin\TicketController::$db is deprecated in APPPATH\Controllers\Admin\TicketController.php on line 28.
 1 SYSTEMPATH\CodeIgniter.php(906): App\Controllers\Admin\TicketController->__construct()
 2 SYSTEMPATH\CodeIgniter.php(490): CodeIgniter\CodeIgniter->createController()
 3 SYSTEMPATH\CodeIgniter.php(368): CodeIgniter\CodeIgniter->handleRequest(null, Object(Config\Cache), false)
 4 FCPATH\index.php(67): CodeIgniter\CodeIgniter->run()
 5 SYSTEMPATH\Commands\Server\rewrite.php(47): require_once('FCPATH\\index.php')
WARNING - 2023-06-23 10:33:24 --> [DEPRECATED] Creation of dynamic property App\Controllers\Admin\TicketController::$areas is deprecated in APPPATH\Controllers\Admin\TicketController.php on line 31.
 1 SYSTEMPATH\CodeIgniter.php(906): App\Controllers\Admin\TicketController->__construct()
 2 SYSTEMPATH\CodeIgniter.php(490): CodeIgniter\CodeIgniter->createController()
 3 SYSTEMPATH\CodeIgniter.php(368): CodeIgniter\CodeIgniter->handleRequest(null, Object(Config\Cache), false)
 4 FCPATH\index.php(67): CodeIgniter\CodeIgniter->run()
 5 SYSTEMPATH\Commands\Server\rewrite.php(47): require_once('FCPATH\\index.php')
WARNING - 2023-06-23 10:33:24 --> [DEPRECATED] Creation of dynamic property App\Controllers\Admin\TicketController::$session is deprecated in APPPATH\Controllers\Admin\TicketController.php on line 32.
 1 SYSTEMPATH\CodeIgniter.php(906): App\Controllers\Admin\TicketController->__construct()
 2 SYSTEMPATH\CodeIgniter.php(490): CodeIgniter\CodeIgniter->createController()
 3 SYSTEMPATH\CodeIgniter.php(368): CodeIgniter\CodeIgniter->handleRequest(null, Object(Config\Cache), false)
 4 FCPATH\index.php(67): CodeIgniter\CodeIgniter->run()
 5 SYSTEMPATH\Commands\Server\rewrite.php(47): require_once('FCPATH\\index.php')
INFO - 2023-06-23 10:33:29 --> Session: Class initialized using 'CodeIgniter\Session\Handlers\FileHandler' driver.
WARNING - 2023-06-23 10:33:29 --> [DEPRECATED] Creation of dynamic property App\Controllers\Admin\TicketController::$db is deprecated in APPPATH\Controllers\Admin\TicketController.php on line 28.
 1 SYSTEMPATH\CodeIgniter.php(906): App\Controllers\Admin\TicketController->__construct()
 2 SYSTEMPATH\CodeIgniter.php(490): CodeIgniter\CodeIgniter->createController()
 3 SYSTEMPATH\CodeIgniter.php(368): CodeIgniter\CodeIgniter->handleRequest(null, Object(Config\Cache), false)
 4 FCPATH\index.php(67): CodeIgniter\CodeIgniter->run()
 5 SYSTEMPATH\Commands\Server\rewrite.php(47): require_once('FCPATH\\index.php')
WARNING - 2023-06-23 10:33:29 --> [DEPRECATED] Creation of dynamic property App\Controllers\Admin\TicketController::$areas is deprecated in APPPATH\Controllers\Admin\TicketController.php on line 31.
 1 SYSTEMPATH\CodeIgniter.php(906): App\Controllers\Admin\TicketController->__construct()
 2 SYSTEMPATH\CodeIgniter.php(490): CodeIgniter\CodeIgniter->createController()
 3 SYSTEMPATH\CodeIgniter.php(368): CodeIgniter\CodeIgniter->handleRequest(null, Object(Config\Cache), false)
 4 FCPATH\index.php(67): CodeIgniter\CodeIgniter->run()
 5 SYSTEMPATH\Commands\Server\rewrite.php(47): require_once('FCPATH\\index.php')
WARNING - 2023-06-23 10:33:29 --> [DEPRECATED] Creation of dynamic property App\Controllers\Admin\TicketController::$session is deprecated in APPPATH\Controllers\Admin\TicketController.php on line 32.
 1 SYSTEMPATH\CodeIgniter.php(906): App\Controllers\Admin\TicketController->__construct()
 2 SYSTEMPATH\CodeIgniter.php(490): CodeIgniter\CodeIgniter->createController()
 3 SYSTEMPATH\CodeIgniter.php(368): CodeIgniter\CodeIgniter->handleRequest(null, Object(Config\Cache), false)
 4 FCPATH\index.php(67): CodeIgniter\CodeIgniter->run()
 5 SYSTEMPATH\Commands\Server\rewrite.php(47): require_once('FCPATH\\index.php')
INFO - 2023-06-23 10:33:37 --> Session: Class initialized using 'CodeIgniter\Session\Handlers\FileHandler' driver.
WARNING - 2023-06-23 10:33:37 --> [DEPRECATED] Creation of dynamic property App\Controllers\Admin\TicketController::$db is deprecated in APPPATH\Controllers\Admin\TicketController.php on line 28.
 1 SYSTEMPATH\CodeIgniter.php(906): App\Controllers\Admin\TicketController->__construct()
 2 SYSTEMPATH\CodeIgniter.php(490): CodeIgniter\CodeIgniter->createController()
 3 SYSTEMPATH\CodeIgniter.php(368): CodeIgniter\CodeIgniter->handleRequest(null, Object(Config\Cache), false)
 4 FCPATH\index.php(67): CodeIgniter\CodeIgniter->run()
 5 SYSTEMPATH\Commands\Server\rewrite.php(47): require_once('FCPATH\\index.php')
WARNING - 2023-06-23 10:33:37 --> [DEPRECATED] Creation of dynamic property App\Controllers\Admin\TicketController::$areas is deprecated in APPPATH\Controllers\Admin\TicketController.php on line 31.
 1 SYSTEMPATH\CodeIgniter.php(906): App\Controllers\Admin\TicketController->__construct()
 2 SYSTEMPATH\CodeIgniter.php(490): CodeIgniter\CodeIgniter->createController()
 3 SYSTEMPATH\CodeIgniter.php(368): CodeIgniter\CodeIgniter->handleRequest(null, Object(Config\Cache), false)
 4 FCPATH\index.php(67): CodeIgniter\CodeIgniter->run()
 5 SYSTEMPATH\Commands\Server\rewrite.php(47): require_once('FCPATH\\index.php')
WARNING - 2023-06-23 10:33:37 --> [DEPRECATED] Creation of dynamic property App\Controllers\Admin\TicketController::$session is deprecated in APPPATH\Controllers\Admin\TicketController.php on line 32.
 1 SYSTEMPATH\CodeIgniter.php(906): App\Controllers\Admin\TicketController->__construct()
 2 SYSTEMPATH\CodeIgniter.php(490): CodeIgniter\CodeIgniter->createController()
 3 SYSTEMPATH\CodeIgniter.php(368): CodeIgniter\CodeIgniter->handleRequest(null, Object(Config\Cache), false)
 4 FCPATH\index.php(67): CodeIgniter\CodeIgniter->run()
 5 SYSTEMPATH\Commands\Server\rewrite.php(47): require_once('FCPATH\\index.php')
